{"/workspace/henyo-pi-web/shared/cache.ts": {"path":"/workspace/henyo-pi-web/shared/cache.ts","all":false,"statementMap":{"0":{"start":{"line":1,"column":0},"end":{"line":1,"column":25}},"1":{"start":{"line":2,"column":0},"end":{"line":2,"column":41}},"5":{"start":{"line":6,"column":0},"end":{"line":6,"column":84}},"6":{"start":{"line":7,"column":0},"end":{"line":7,"column":24}},"7":{"start":{"line":8,"column":0},"end":{"line":8,"column":30}},"8":{"start":{"line":9,"column":0},"end":{"line":9,"column":45}},"9":{"start":{"line":10,"column":0},"end":{"line":10,"column":5}},"10":{"start":{"line":11,"column":0},"end":{"line":11,"column":3}},"12":{"start":{"line":13,"column":0},"end":{"line":13,"column":43}},"13":{"start":{"line":14,"column":0},"end":{"line":14,"column":75}},"14":{"start":{"line":15,"column":0},"end":{"line":15,"column":3}},"16":{"start":{"line":17,"column":0},"end":{"line":17,"column":24}},"17":{"start":{"line":18,"column":0},"end":{"line":18,"column":16}},"18":{"start":{"line":19,"column":0},"end":{"line":19,"column":30}},"19":{"start":{"line":20,"column":0},"end":{"line":20,"column":39}},"20":{"start":{"line":21,"column":0},"end":{"line":21,"column":18}},"21":{"start":{"line":22,"column":0},"end":{"line":22,"column":16}},"22":{"start":{"line":23,"column":0},"end":{"line":23,"column":28}},"23":{"start":{"line":24,"column":0},"end":{"line":24,"column":50}},"24":{"start":{"line":25,"column":0},"end":{"line":25,"column":9}},"25":{"start":{"line":26,"column":0},"end":{"line":26,"column":41}},"26":{"start":{"line":27,"column":0},"end":{"line":27,"column":3}},"28":{"start":{"line":29,"column":0},"end":{"line":29,"column":31}},"29":{"start":{"line":30,"column":0},"end":{"line":30,"column":39}},"30":{"start":{"line":31,"column":0},"end":{"line":31,"column":30}},"31":{"start":{"line":32,"column":0},"end":{"line":32,"column":38}},"32":{"start":{"line":33,"column":0},"end":{"line":33,"column":35}},"33":{"start":{"line":34,"column":0},"end":{"line":34,"column":45}},"34":{"start":{"line":35,"column":0},"end":{"line":35,"column":5}},"35":{"start":{"line":36,"column":0},"end":{"line":36,"column":3}},"37":{"start":{"line":38,"column":0},"end":{"line":38,"column":10}},"38":{"start":{"line":39,"column":0},"end":{"line":39,"column":32}},"39":{"start":{"line":40,"column":0},"end":{"line":40,"column":39}},"40":{"start":{"line":41,"column":0},"end":{"line":41,"column":49}},"41":{"start":{"line":42,"column":0},"end":{"line":42,"column":11}},"42":{"start":{"line":43,"column":0},"end":{"line":43,"column":85}},"43":{"start":{"line":44,"column":0},"end":{"line":44,"column":57}},"44":{"start":{"line":45,"column":0},"end":{"line":45,"column":31}},"45":{"start":{"line":46,"column":0},"end":{"line":46,"column":35}},"46":{"start":{"line":47,"column":0},"end":{"line":47,"column":22}},"47":{"start":{"line":48,"column":0},"end":{"line":48,"column":9}},"48":{"start":{"line":49,"column":0},"end":{"line":49,"column":25}},"49":{"start":{"line":50,"column":0},"end":{"line":50,"column":15}},"50":{"start":{"line":51,"column":0},"end":{"line":51,"column":20}},"51":{"start":{"line":52,"column":0},"end":{"line":52,"column":7}},"52":{"start":{"line":53,"column":0},"end":{"line":53,"column":6}},"54":{"start":{"line":55,"column":0},"end":{"line":55,"column":37}},"55":{"start":{"line":56,"column":0},"end":{"line":56,"column":18}},"56":{"start":{"line":57,"column":0},"end":{"line":57,"column":25}},"57":{"start":{"line":58,"column":0},"end":{"line":58,"column":67}},"58":{"start":{"line":59,"column":0},"end":{"line":59,"column":70}},"59":{"start":{"line":60,"column":0},"end":{"line":60,"column":6}},"61":{"start":{"line":62,"column":0},"end":{"line":62,"column":19}},"62":{"start":{"line":63,"column":0},"end":{"line":63,"column":25}},"63":{"start":{"line":64,"column":0},"end":{"line":64,"column":6}},"65":{"start":{"line":66,"column":0},"end":{"line":66,"column":19}},"66":{"start":{"line":67,"column":0},"end":{"line":67,"column":32}},"67":{"start":{"line":68,"column":0},"end":{"line":68,"column":30}},"68":{"start":{"line":69,"column":0},"end":{"line":69,"column":30}},"69":{"start":{"line":70,"column":0},"end":{"line":70,"column":7}},"70":{"start":{"line":71,"column":0},"end":{"line":71,"column":6}},"71":{"start":{"line":72,"column":0},"end":{"line":72,"column":4}},"72":{"start":{"line":73,"column":0},"end":{"line":73,"column":1}}},"s":{"0":1,"1":1,"5":1,"6":16,"7":13,"8":5,"9":5,"10":13,"12":16,"13":20,"14":20,"16":16,"17":4,"18":4,"19":4,"20":4,"21":5,"22":5,"23":5,"24":4,"25":4,"26":4,"28":16,"29":9,"30":3,"31":9,"32":0,"33":0,"34":0,"35":9,"37":16,"38":16,"39":11,"40":11,"41":8,"42":8,"43":8,"44":11,"45":0,"46":0,"47":0,"48":8,"49":11,"50":0,"51":0,"52":11,"54":16,"55":9,"56":9,"57":9,"58":9,"59":9,"61":16,"62":0,"63":0,"65":16,"66":1,"67":1,"68":2,"69":2,"70":1,"71":16,"72":16},"branchMap":{"0":{"type":"branch","line":6,"loc":{"start":{"line":6,"column":7},"end":{"line":73,"column":1}},"locations":[{"start":{"line":6,"column":7},"end":{"line":73,"column":1}}]},"1":{"type":"branch","line":7,"loc":{"start":{"line":7,"column":2},"end":{"line":11,"column":3}},"locations":[{"start":{"line":7,"column":2},"end":{"line":11,"column":3}}]},"2":{"type":"branch","line":8,"loc":{"start":{"line":8,"column":29},"end":{"line":10,"column":5}},"locations":[{"start":{"line":8,"column":29},"end":{"line":10,"column":5}}]},"3":{"type":"branch","line":13,"loc":{"start":{"line":13,"column":2},"end":{"line":15,"column":3}},"locations":[{"start":{"line":13,"column":2},"end":{"line":15,"column":3}}]},"4":{"type":"branch","line":17,"loc":{"start":{"line":17,"column":2},"end":{"line":27,"column":3}},"locations":[{"start":{"line":17,"column":2},"end":{"line":27,"column":3}}]},"5":{"type":"branch","line":20,"loc":{"start":{"line":20,"column":14},"end":{"line":20,"column":38}},"locations":[{"start":{"line":20,"column":14},"end":{"line":20,"column":38}}]},"6":{"type":"branch","line":21,"loc":{"start":{"line":21,"column":11},"end":{"line":25,"column":8}},"locations":[{"start":{"line":21,"column":11},"end":{"line":25,"column":8}}]},"7":{"type":"branch","line":26,"loc":{"start":{"line":26,"column":12},"end":{"line":26,"column":39}},"locations":[{"start":{"line":26,"column":12},"end":{"line":26,"column":39}}]},"8":{"type":"branch","line":29,"loc":{"start":{"line":29,"column":2},"end":{"line":36,"column":3}},"locations":[{"start":{"line":29,"column":2},"end":{"line":36,"column":3}}]},"9":{"type":"branch","line":30,"loc":{"start":{"line":30,"column":32},"end":{"line":30,"column":39}},"locations":[{"start":{"line":30,"column":32},"end":{"line":30,"column":39}}]},"10":{"type":"branch","line":30,"loc":{"start":{"line":30,"column":32},"end":{"line":32,"column":37}},"locations":[{"start":{"line":30,"column":32},"end":{"line":32,"column":37}}]},"11":{"type":"branch","line":32,"loc":{"start":{"line":32,"column":37},"end":{"line":35,"column":5}},"locations":[{"start":{"line":32,"column":37},"end":{"line":35,"column":5}}]},"12":{"type":"branch","line":39,"loc":{"start":{"line":39,"column":4},"end":{"line":53,"column":6}},"locations":[{"start":{"line":39,"column":4},"end":{"line":53,"column":6}}]},"13":{"type":"branch","line":41,"loc":{"start":{"line":41,"column":37},"end":{"line":41,"column":49}},"locations":[{"start":{"line":41,"column":37},"end":{"line":41,"column":49}}]},"14":{"type":"branch","line":41,"loc":{"start":{"line":41,"column":44},"end":{"line":45,"column":30}},"locations":[{"start":{"line":41,"column":44},"end":{"line":45,"column":30}}]},"15":{"type":"branch","line":45,"loc":{"start":{"line":45,"column":30},"end":{"line":48,"column":9}},"locations":[{"start":{"line":45,"column":30},"end":{"line":48,"column":9}}]},"16":{"type":"branch","line":48,"loc":{"start":{"line":48,"column":8},"end":{"line":50,"column":14}},"locations":[{"start":{"line":48,"column":8},"end":{"line":50,"column":14}}]},"17":{"type":"branch","line":50,"loc":{"start":{"line":50,"column":6},"end":{"line":52,"column":7}},"locations":[{"start":{"line":50,"column":6},"end":{"line":52,"column":7}}]},"18":{"type":"branch","line":55,"loc":{"start":{"line":55,"column":4},"end":{"line":60,"column":6}},"locations":[{"start":{"line":55,"column":4},"end":{"line":60,"column":6}}]},"19":{"type":"branch","line":66,"loc":{"start":{"line":66,"column":4},"end":{"line":71,"column":6}},"locations":[{"start":{"line":66,"column":4},"end":{"line":71,"column":6}}]},"20":{"type":"branch","line":68,"loc":{"start":{"line":68,"column":29},"end":{"line":70,"column":7}},"locations":[{"start":{"line":68,"column":29},"end":{"line":70,"column":7}}]}},"b":{"0":[16],"1":[13],"2":[5],"3":[20],"4":[4],"5":[5],"6":[5],"7":[2],"8":[9],"9":[6],"10":[3],"11":[0],"12":[11],"13":[3],"14":[8],"15":[0],"16":[8],"17":[0],"18":[9],"19":[1],"20":[2]},"fnMap":{"0":{"name":"createCache","decl":{"start":{"line":6,"column":7},"end":{"line":73,"column":1}},"loc":{"start":{"line":6,"column":7},"end":{"line":73,"column":1}},"line":6},"1":{"name":"ensureDir","decl":{"start":{"line":7,"column":2},"end":{"line":11,"column":3}},"loc":{"start":{"line":7,"column":2},"end":{"line":11,"column":3}},"line":7},"2":{"name":"keyToPath","decl":{"start":{"line":13,"column":2},"end":{"line":15,"column":3}},"loc":{"start":{"line":13,"column":2},"end":{"line":15,"column":3}},"line":13},"3":{"name":"listFiles","decl":{"start":{"line":17,"column":2},"end":{"line":27,"column":3}},"loc":{"start":{"line":17,"column":2},"end":{"line":27,"column":3}},"line":17},"4":{"name":"evictIfNecessary","decl":{"start":{"line":29,"column":2},"end":{"line":36,"column":3}},"loc":{"start":{"line":29,"column":2},"end":{"line":36,"column":3}},"line":29},"5":{"name":"get","decl":{"start":{"line":39,"column":4},"end":{"line":53,"column":6}},"loc":{"start":{"line":39,"column":4},"end":{"line":53,"column":6}},"line":39},"6":{"name":"put","decl":{"start":{"line":55,"column":4},"end":{"line":60,"column":6}},"loc":{"start":{"line":55,"column":4},"end":{"line":60,"column":6}},"line":55},"7":{"name":"evict","decl":{"start":{"line":62,"column":4},"end":{"line":64,"column":6}},"loc":{"start":{"line":62,"column":4},"end":{"line":64,"column":6}},"line":62},"8":{"name":"clear","decl":{"start":{"line":66,"column":4},"end":{"line":71,"column":6}},"loc":{"start":{"line":66,"column":4},"end":{"line":71,"column":6}},"line":66}},"f":{"0":16,"1":13,"2":20,"3":4,"4":9,"5":11,"6":9,"7":0,"8":1}}
,"/workspace/henyo-pi-web/shared/config.ts": {"path":"/workspace/henyo-pi-web/shared/config.ts","all":false,"statementMap":{"0":{"start":{"line":1,"column":0},"end":{"line":1,"column":25}},"1":{"start":{"line":2,"column":0},"end":{"line":2,"column":29}},"2":{"start":{"line":3,"column":0},"end":{"line":3,"column":25}},"22":{"start":{"line":23,"column":0},"end":{"line":23,"column":26}},"23":{"start":{"line":24,"column":0},"end":{"line":24,"column":62}},"25":{"start":{"line":26,"column":0},"end":{"line":26,"column":28}},"26":{"start":{"line":27,"column":0},"end":{"line":27,"column":16}},"27":{"start":{"line":28,"column":0},"end":{"line":28,"column":22}},"28":{"start":{"line":29,"column":0},"end":{"line":29,"column":22}},"29":{"start":{"line":30,"column":0},"end":{"line":30,"column":22}},"30":{"start":{"line":31,"column":0},"end":{"line":31,"column":27}},"31":{"start":{"line":32,"column":0},"end":{"line":32,"column":31}},"32":{"start":{"line":33,"column":0},"end":{"line":33,"column":4}},"33":{"start":{"line":34,"column":0},"end":{"line":34,"column":17}},"34":{"start":{"line":35,"column":0},"end":{"line":35,"column":33}},"35":{"start":{"line":36,"column":0},"end":{"line":36,"column":15}},"36":{"start":{"line":37,"column":0},"end":{"line":37,"column":15}},"37":{"start":{"line":38,"column":0},"end":{"line":38,"column":36}},"38":{"start":{"line":39,"column":0},"end":{"line":39,"column":39}},"39":{"start":{"line":40,"column":0},"end":{"line":40,"column":29}},"40":{"start":{"line":41,"column":0},"end":{"line":41,"column":32}},"41":{"start":{"line":42,"column":0},"end":{"line":42,"column":8}},"42":{"start":{"line":43,"column":0},"end":{"line":43,"column":16}},"43":{"start":{"line":44,"column":0},"end":{"line":44,"column":36}},"44":{"start":{"line":45,"column":0},"end":{"line":45,"column":35}},"45":{"start":{"line":46,"column":0},"end":{"line":46,"column":30}},"46":{"start":{"line":47,"column":0},"end":{"line":47,"column":8}},"47":{"start":{"line":48,"column":0},"end":{"line":48,"column":6}},"48":{"start":{"line":49,"column":0},"end":{"line":49,"column":4}},"49":{"start":{"line":50,"column":0},"end":{"line":50,"column":2}},"51":{"start":{"line":52,"column":0},"end":{"line":52,"column":34}},"52":{"start":{"line":53,"column":0},"end":{"line":53,"column":41}},"53":{"start":{"line":54,"column":0},"end":{"line":54,"column":1}},"55":{"start":{"line":56,"column":0},"end":{"line":56,"column":72}},"56":{"start":{"line":57,"column":0},"end":{"line":57,"column":35}},"57":{"start":{"line":58,"column":0},"end":{"line":58,"column":57}},"58":{"start":{"line":59,"column":0},"end":{"line":59,"column":29}},"59":{"start":{"line":60,"column":0},"end":{"line":60,"column":29}},"60":{"start":{"line":61,"column":0},"end":{"line":61,"column":8}},"61":{"start":{"line":62,"column":0},"end":{"line":62,"column":13}},"62":{"start":{"line":63,"column":0},"end":{"line":63,"column":33}},"63":{"start":{"line":64,"column":0},"end":{"line":64,"column":29}},"64":{"start":{"line":65,"column":0},"end":{"line":65,"column":13}},"65":{"start":{"line":66,"column":0},"end":{"line":66,"column":33}},"66":{"start":{"line":67,"column":0},"end":{"line":67,"column":26}},"67":{"start":{"line":68,"column":0},"end":{"line":68,"column":7}},"68":{"start":{"line":69,"column":0},"end":{"line":69,"column":71}},"69":{"start":{"line":70,"column":0},"end":{"line":70,"column":12}},"70":{"start":{"line":71,"column":0},"end":{"line":71,"column":34}},"71":{"start":{"line":72,"column":0},"end":{"line":72,"column":5}},"72":{"start":{"line":73,"column":0},"end":{"line":73,"column":3}},"73":{"start":{"line":74,"column":0},"end":{"line":74,"column":16}},"74":{"start":{"line":75,"column":0},"end":{"line":75,"column":1}},"76":{"start":{"line":77,"column":0},"end":{"line":77,"column":44}},"78":{"start":{"line":79,"column":0},"end":{"line":79,"column":40}},"79":{"start":{"line":80,"column":0},"end":{"line":80,"column":46}},"81":{"start":{"line":82,"column":0},"end":{"line":82,"column":7}},"82":{"start":{"line":83,"column":0},"end":{"line":83,"column":40}},"83":{"start":{"line":84,"column":0},"end":{"line":84,"column":44}},"84":{"start":{"line":85,"column":0},"end":{"line":85,"column":29}},"85":{"start":{"line":86,"column":0},"end":{"line":86,"column":5}},"87":{"start":{"line":88,"column":0},"end":{"line":88,"column":55}},"88":{"start":{"line":89,"column":0},"end":{"line":89,"column":62}},"89":{"start":{"line":90,"column":0},"end":{"line":90,"column":56}},"90":{"start":{"line":91,"column":0},"end":{"line":91,"column":27}},"91":{"start":{"line":92,"column":0},"end":{"line":92,"column":11}},"92":{"start":{"line":93,"column":0},"end":{"line":93,"column":42}},"93":{"start":{"line":94,"column":0},"end":{"line":94,"column":27}},"94":{"start":{"line":95,"column":0},"end":{"line":95,"column":3}},"95":{"start":{"line":96,"column":0},"end":{"line":96,"column":1}}},"s":{"0":1,"1":1,"2":1,"22":1,"23":1,"25":1,"26":1,"27":1,"28":1,"29":1,"30":1,"31":1,"32":1,"33":1,"34":1,"35":1,"36":1,"37":1,"38":1,"39":1,"40":1,"41":1,"42":1,"43":1,"44":1,"45":1,"46":1,"47":1,"48":1,"49":1,"51":9,"52":9,"53":9,"55":6,"56":6,"57":6,"58":8,"59":8,"60":8,"61":8,"62":6,"63":5,"64":5,"65":5,"66":5,"67":8,"68":5,"69":8,"70":3,"71":3,"72":8,"73":6,"74":6,"76":1,"78":1,"79":5,"81":4,"82":5,"83":2,"84":2,"85":2,"87":2,"88":2,"89":2,"90":2,"91":5,"92":1,"93":1,"94":1,"95":5},"branchMap":{"0":{"type":"branch","line":52,"loc":{"start":{"line":52,"column":0},"end":{"line":54,"column":1}},"locations":[{"start":{"line":52,"column":0},"end":{"line":54,"column":1}}]},"1":{"type":"branch","line":56,"loc":{"start":{"line":56,"column":0},"end":{"line":75,"column":1}},"locations":[{"start":{"line":56,"column":0},"end":{"line":75,"column":1}}]},"2":{"type":"branch","line":58,"loc":{"start":{"line":58,"column":56},"end":{"line":73,"column":3}},"locations":[{"start":{"line":58,"column":56},"end":{"line":73,"column":3}}]},"3":{"type":"branch","line":62,"loc":{"start":{"line":62,"column":6},"end":{"line":63,"column":33}},"locations":[{"start":{"line":62,"column":6},"end":{"line":63,"column":33}}]},"4":{"type":"branch","line":63,"loc":{"start":{"line":63,"column":22},"end":{"line":64,"column":29}},"locations":[{"start":{"line":63,"column":22},"end":{"line":64,"column":29}}]},"5":{"type":"branch","line":64,"loc":{"start":{"line":64,"column":25},"end":{"line":65,"column":13}},"locations":[{"start":{"line":64,"column":25},"end":{"line":65,"column":13}}]},"6":{"type":"branch","line":65,"loc":{"start":{"line":65,"column":6},"end":{"line":66,"column":33}},"locations":[{"start":{"line":65,"column":6},"end":{"line":66,"column":33}}]},"7":{"type":"branch","line":66,"loc":{"start":{"line":66,"column":22},"end":{"line":67,"column":26}},"locations":[{"start":{"line":66,"column":22},"end":{"line":67,"column":26}}]},"8":{"type":"branch","line":68,"loc":{"start":{"line":68,"column":6},"end":{"line":70,"column":11}},"locations":[{"start":{"line":68,"column":6},"end":{"line":70,"column":11}}]},"9":{"type":"branch","line":70,"loc":{"start":{"line":70,"column":4},"end":{"line":72,"column":5}},"locations":[{"start":{"line":70,"column":4},"end":{"line":72,"column":5}}]},"10":{"type":"branch","line":79,"loc":{"start":{"line":79,"column":7},"end":{"line":96,"column":1}},"locations":[{"start":{"line":79,"column":7},"end":{"line":96,"column":1}}]},"11":{"type":"branch","line":80,"loc":{"start":{"line":80,"column":23},"end":{"line":80,"column":46}},"locations":[{"start":{"line":80,"column":23},"end":{"line":80,"column":46}}]},"12":{"type":"branch","line":80,"loc":{"start":{"line":80,"column":30},"end":{"line":83,"column":39}},"locations":[{"start":{"line":80,"column":30},"end":{"line":83,"column":39}}]},"13":{"type":"branch","line":83,"loc":{"start":{"line":83,"column":39},"end":{"line":92,"column":10}},"locations":[{"start":{"line":83,"column":39},"end":{"line":92,"column":10}}]},"14":{"type":"branch","line":92,"loc":{"start":{"line":92,"column":2},"end":{"line":95,"column":3}},"locations":[{"start":{"line":92,"column":2},"end":{"line":95,"column":3}}]}},"b":{"0":[9],"1":[6],"2":[8],"3":[6],"4":[5],"5":[5],"6":[5],"7":[5],"8":[5],"9":[3],"10":[5],"11":[1],"12":[4],"13":[2],"14":[1]},"fnMap":{"0":{"name":"deepClone","decl":{"start":{"line":52,"column":0},"end":{"line":54,"column":1}},"loc":{"start":{"line":52,"column":0},"end":{"line":54,"column":1}},"line":52},"1":{"name":"deepMerge","decl":{"start":{"line":56,"column":0},"end":{"line":75,"column":1}},"loc":{"start":{"line":56,"column":0},"end":{"line":75,"column":1}},"line":56},"2":{"name":"loadConfig","decl":{"start":{"line":79,"column":7},"end":{"line":96,"column":1}},"loc":{"start":{"line":79,"column":7},"end":{"line":96,"column":1}},"line":79}},"f":{"0":9,"1":6,"2":5}}
,"/workspace/henyo-pi-web/shared/format.ts": {"path":"/workspace/henyo-pi-web/shared/format.ts","all":false,"statementMap":{"2":{"start":{"line":3,"column":0},"end":{"line":3,"column":49}},"3":{"start":{"line":4,"column":0},"end":{"line":4,"column":86}},"4":{"start":{"line":5,"column":0},"end":{"line":5,"column":1}},"6":{"start":{"line":7,"column":0},"end":{"line":7,"column":64}},"7":{"start":{"line":8,"column":0},"end":{"line":8,"column":29}},"8":{"start":{"line":9,"column":0},"end":{"line":9,"column":31}},"9":{"start":{"line":10,"column":0},"end":{"line":10,"column":3}},"11":{"start":{"line":12,"column":0},"end":{"line":12,"column":32}},"12":{"start":{"line":13,"column":0},"end":{"line":13,"column":38}},"13":{"start":{"line":14,"column":0},"end":{"line":14,"column":33}},"14":{"start":{"line":15,"column":0},"end":{"line":15,"column":65}},"15":{"start":{"line":16,"column":0},"end":{"line":16,"column":53}},"16":{"start":{"line":17,"column":0},"end":{"line":17,"column":16}},"17":{"start":{"line":18,"column":0},"end":{"line":18,"column":18}},"18":{"start":{"line":19,"column":0},"end":{"line":19,"column":1}}},"s":{"2":1,"3":14,"4":14,"6":1,"7":4,"8":1,"9":1,"11":3,"12":4,"13":4,"14":4,"15":4,"16":4,"17":3,"18":3},"branchMap":{"0":{"type":"branch","line":3,"loc":{"start":{"line":3,"column":7},"end":{"line":5,"column":1}},"locations":[{"start":{"line":3,"column":7},"end":{"line":5,"column":1}}]},"1":{"type":"branch","line":7,"loc":{"start":{"line":7,"column":7},"end":{"line":19,"column":1}},"locations":[{"start":{"line":7,"column":7},"end":{"line":19,"column":1}}]},"2":{"type":"branch","line":8,"loc":{"start":{"line":8,"column":28},"end":{"line":10,"column":3}},"locations":[{"start":{"line":8,"column":28},"end":{"line":10,"column":3}}]},"3":{"type":"branch","line":10,"loc":{"start":{"line":10,"column":2},"end":{"line":19,"column":1}},"locations":[{"start":{"line":10,"column":2},"end":{"line":19,"column":1}}]},"4":{"type":"branch","line":12,"loc":{"start":{"line":12,"column":21},"end":{"line":18,"column":3}},"locations":[{"start":{"line":12,"column":21},"end":{"line":18,"column":3}}]},"5":{"type":"branch","line":15,"loc":{"start":{"line":15,"column":19},"end":{"line":15,"column":65}},"locations":[{"start":{"line":15,"column":19},"end":{"line":15,"column":65}}]},"6":{"type":"branch","line":16,"loc":{"start":{"line":16,"column":18},"end":{"line":16,"column":53}},"locations":[{"start":{"line":16,"column":18},"end":{"line":16,"column":53}}]}},"b":{"0":[14],"1":[4],"2":[1],"3":[3],"4":[4],"5":[1],"6":[1]},"fnMap":{"0":{"name":"normalizeUrl","decl":{"start":{"line":3,"column":7},"end":{"line":5,"column":1}},"loc":{"start":{"line":3,"column":7},"end":{"line":5,"column":1}},"line":3},"1":{"name":"formatResults","decl":{"start":{"line":7,"column":7},"end":{"line":19,"column":1}},"loc":{"start":{"line":7,"column":7},"end":{"line":19,"column":1}},"line":7}},"f":{"0":14,"1":4}}
,"/workspace/henyo-pi-web/shared/user-agents.ts": {"path":"/workspace/henyo-pi-web/shared/user-agents.ts","all":false,"statementMap":{"0":{"start":{"line":1,"column":0},"end":{"line":1,"column":38}},"1":{"start":{"line":2,"column":0},"end":{"line":2,"column":121}},"2":{"start":{"line":3,"column":0},"end":{"line":3,"column":75}},"3":{"start":{"line":4,"column":0},"end":{"line":4,"column":127}},"4":{"start":{"line":5,"column":0},"end":{"line":5,"column":144}},"5":{"start":{"line":6,"column":0},"end":{"line":6,"column":2}},"7":{"start":{"line":8,"column":0},"end":{"line":8,"column":43}},"8":{"start":{"line":9,"column":0},"end":{"line":9,"column":19}},"9":{"start":{"line":10,"column":0},"end":{"line":10,"column":19}},"10":{"start":{"line":11,"column":0},"end":{"line":11,"column":28}},"11":{"start":{"line":12,"column":0},"end":{"line":12,"column":2}},"13":{"start":{"line":14,"column":0},"end":{"line":14,"column":44}},"14":{"start":{"line":15,"column":0},"end":{"line":15,"column":53}},"15":{"start":{"line":16,"column":0},"end":{"line":16,"column":1}},"17":{"start":{"line":18,"column":0},"end":{"line":18,"column":50}},"18":{"start":{"line":19,"column":0},"end":{"line":19,"column":49}},"19":{"start":{"line":20,"column":0},"end":{"line":20,"column":1}}},"s":{"0":1,"1":1,"2":1,"3":1,"4":1,"5":1,"7":1,"8":1,"9":1,"10":1,"11":1,"13":1,"14":97,"15":97,"17":1,"18":17,"19":17},"branchMap":{"0":{"type":"branch","line":14,"loc":{"start":{"line":14,"column":7},"end":{"line":16,"column":1}},"locations":[{"start":{"line":14,"column":7},"end":{"line":16,"column":1}}]},"1":{"type":"branch","line":18,"loc":{"start":{"line":18,"column":7},"end":{"line":20,"column":1}},"locations":[{"start":{"line":18,"column":7},"end":{"line":20,"column":1}}]},"2":{"type":"branch","line":19,"loc":{"start":{"line":19,"column":21},"end":{"line":19,"column":47}},"locations":[{"start":{"line":19,"column":21},"end":{"line":19,"column":47}}]}},"b":{"0":[97],"1":[17],"2":[17]},"fnMap":{"0":{"name":"pickRandom","decl":{"start":{"line":14,"column":7},"end":{"line":16,"column":1}},"loc":{"start":{"line":14,"column":7},"end":{"line":16,"column":1}},"line":14},"1":{"name":"delay","decl":{"start":{"line":18,"column":7},"end":{"line":20,"column":1}},"loc":{"start":{"line":18,"column":7},"end":{"line":20,"column":1}},"line":18}},"f":{"0":97,"1":17}}
,"/workspace/henyo-pi-web/shared/fetch/detection.ts": {"path":"/workspace/henyo-pi-web/shared/fetch/detection.ts","all":false,"statementMap":{"2":{"start":{"line":3,"column":0},"end":{"line":3,"column":62}},"3":{"start":{"line":4,"column":0},"end":{"line":4,"column":20}},"4":{"start":{"line":5,"column":0},"end":{"line":5,"column":29}},"5":{"start":{"line":6,"column":0},"end":{"line":6,"column":37}},"6":{"start":{"line":7,"column":0},"end":{"line":7,"column":17}},"7":{"start":{"line":8,"column":0},"end":{"line":8,"column":35}},"8":{"start":{"line":9,"column":0},"end":{"line":9,"column":36}},"9":{"start":{"line":10,"column":0},"end":{"line":10,"column":42}},"10":{"start":{"line":11,"column":0},"end":{"line":11,"column":22}},"11":{"start":{"line":12,"column":0},"end":{"line":12,"column":4}},"12":{"start":{"line":13,"column":0},"end":{"line":13,"column":42}},"13":{"start":{"line":14,"column":0},"end":{"line":14,"column":1}},"15":{"start":{"line":16,"column":0},"end":{"line":16,"column":61}},"16":{"start":{"line":17,"column":0},"end":{"line":17,"column":34}},"19":{"start":{"line":20,"column":0},"end":{"line":20,"column":22}},"20":{"start":{"line":21,"column":0},"end":{"line":21,"column":28}},"21":{"start":{"line":22,"column":0},"end":{"line":22,"column":17}},"22":{"start":{"line":23,"column":0},"end":{"line":23,"column":19}},"23":{"start":{"line":24,"column":0},"end":{"line":24,"column":36}},"24":{"start":{"line":25,"column":0},"end":{"line":25,"column":25}},"25":{"start":{"line":26,"column":0},"end":{"line":26,"column":34}},"26":{"start":{"line":27,"column":0},"end":{"line":27,"column":59}},"27":{"start":{"line":28,"column":0},"end":{"line":28,"column":25}},"28":{"start":{"line":29,"column":0},"end":{"line":29,"column":29}},"29":{"start":{"line":30,"column":0},"end":{"line":30,"column":21}},"30":{"start":{"line":31,"column":0},"end":{"line":31,"column":32}},"31":{"start":{"line":32,"column":0},"end":{"line":32,"column":26}},"32":{"start":{"line":33,"column":0},"end":{"line":33,"column":35}},"33":{"start":{"line":34,"column":0},"end":{"line":34,"column":43}},"34":{"start":{"line":35,"column":0},"end":{"line":35,"column":32}},"35":{"start":{"line":36,"column":0},"end":{"line":36,"column":22}},"36":{"start":{"line":37,"column":0},"end":{"line":37,"column":4}},"37":{"start":{"line":38,"column":0},"end":{"line":38,"column":54}},"40":{"start":{"line":41,"column":0},"end":{"line":41,"column":75}},"41":{"start":{"line":42,"column":0},"end":{"line":42,"column":84}},"42":{"start":{"line":43,"column":0},"end":{"line":43,"column":67}},"43":{"start":{"line":44,"column":0},"end":{"line":44,"column":75}},"44":{"start":{"line":45,"column":0},"end":{"line":45,"column":44}},"47":{"start":{"line":48,"column":0},"end":{"line":48,"column":25}},"48":{"start":{"line":49,"column":0},"end":{"line":49,"column":41}},"49":{"start":{"line":50,"column":0},"end":{"line":50,"column":42}},"50":{"start":{"line":51,"column":0},"end":{"line":51,"column":38}},"51":{"start":{"line":52,"column":0},"end":{"line":52,"column":33}},"52":{"start":{"line":53,"column":0},"end":{"line":53,"column":81}},"53":{"start":{"line":54,"column":0},"end":{"line":54,"column":4}},"54":{"start":{"line":55,"column":0},"end":{"line":55,"column":57}},"57":{"start":{"line":58,"column":0},"end":{"line":58,"column":30}},"58":{"start":{"line":59,"column":0},"end":{"line":59,"column":37}},"59":{"start":{"line":60,"column":0},"end":{"line":60,"column":32}},"60":{"start":{"line":61,"column":0},"end":{"line":61,"column":48}},"61":{"start":{"line":62,"column":0},"end":{"line":62,"column":4}},"62":{"start":{"line":63,"column":0},"end":{"line":63,"column":62}},"64":{"start":{"line":65,"column":0},"end":{"line":65,"column":15}},"65":{"start":{"line":66,"column":0},"end":{"line":66,"column":1}},"67":{"start":{"line":68,"column":0},"end":{"line":68,"column":70}},"68":{"start":{"line":69,"column":0},"end":{"line":69,"column":79}},"69":{"start":{"line":70,"column":0},"end":{"line":70,"column":35}},"70":{"start":{"line":71,"column":0},"end":{"line":71,"column":34}},"71":{"start":{"line":72,"column":0},"end":{"line":72,"column":43}},"72":{"start":{"line":73,"column":0},"end":{"line":73,"column":50}},"73":{"start":{"line":74,"column":0},"end":{"line":74,"column":34}},"74":{"start":{"line":75,"column":0},"end":{"line":75,"column":1}}},"s":{"2":1,"3":12,"4":12,"5":12,"6":12,"7":12,"8":12,"9":12,"10":12,"11":12,"12":12,"13":12,"15":1,"16":12,"19":12,"20":12,"21":12,"22":12,"23":12,"24":12,"25":12,"26":12,"27":12,"28":12,"29":12,"30":12,"31":12,"32":12,"33":12,"34":12,"35":12,"36":12,"37":12,"40":10,"41":10,"42":12,"43":12,"44":12,"47":9,"48":9,"49":9,"50":9,"51":9,"52":9,"53":9,"54":12,"57":8,"58":8,"59":8,"60":8,"61":8,"62":12,"64":7,"65":7,"67":1,"68":11,"69":11,"70":10,"71":9,"72":9,"73":11,"74":11},"branchMap":{"0":{"type":"branch","line":3,"loc":{"start":{"line":3,"column":7},"end":{"line":14,"column":1}},"locations":[{"start":{"line":3,"column":7},"end":{"line":14,"column":1}}]},"1":{"type":"branch","line":13,"loc":{"start":{"line":13,"column":23},"end":{"line":13,"column":40}},"locations":[{"start":{"line":13,"column":23},"end":{"line":13,"column":40}}]},"2":{"type":"branch","line":16,"loc":{"start":{"line":16,"column":7},"end":{"line":66,"column":1}},"locations":[{"start":{"line":16,"column":7},"end":{"line":66,"column":1}}]},"3":{"type":"branch","line":38,"loc":{"start":{"line":38,"column":42},"end":{"line":38,"column":54}},"locations":[{"start":{"line":38,"column":42},"end":{"line":38,"column":54}}]},"4":{"type":"branch","line":38,"loc":{"start":{"line":38,"column":49},"end":{"line":43,"column":56}},"locations":[{"start":{"line":38,"column":49},"end":{"line":43,"column":56}}]},"5":{"type":"branch","line":43,"loc":{"start":{"line":43,"column":51},"end":{"line":43,"column":60}},"locations":[{"start":{"line":43,"column":51},"end":{"line":43,"column":60}}]},"6":{"type":"branch","line":44,"loc":{"start":{"line":44,"column":53},"end":{"line":44,"column":75}},"locations":[{"start":{"line":44,"column":53},"end":{"line":44,"column":75}}]},"7":{"type":"branch","line":45,"loc":{"start":{"line":45,"column":32},"end":{"line":45,"column":44}},"locations":[{"start":{"line":45,"column":32},"end":{"line":45,"column":44}}]},"8":{"type":"branch","line":45,"loc":{"start":{"line":45,"column":39},"end":{"line":55,"column":52}},"locations":[{"start":{"line":45,"column":39},"end":{"line":55,"column":52}}]},"9":{"type":"branch","line":55,"loc":{"start":{"line":55,"column":45},"end":{"line":55,"column":57}},"locations":[{"start":{"line":55,"column":45},"end":{"line":55,"column":57}}]},"10":{"type":"branch","line":55,"loc":{"start":{"line":55,"column":52},"end":{"line":63,"column":57}},"locations":[{"start":{"line":55,"column":52},"end":{"line":63,"column":57}}]},"11":{"type":"branch","line":63,"loc":{"start":{"line":63,"column":50},"end":{"line":63,"column":62}},"locations":[{"start":{"line":63,"column":50},"end":{"line":63,"column":62}}]},"12":{"type":"branch","line":63,"loc":{"start":{"line":63,"column":57},"end":{"line":66,"column":1}},"locations":[{"start":{"line":63,"column":57},"end":{"line":66,"column":1}}]},"13":{"type":"branch","line":38,"loc":{"start":{"line":38,"column":22},"end":{"line":38,"column":39}},"locations":[{"start":{"line":38,"column":22},"end":{"line":38,"column":39}}]},"14":{"type":"branch","line":55,"loc":{"start":{"line":55,"column":25},"end":{"line":55,"column":42}},"locations":[{"start":{"line":55,"column":25},"end":{"line":55,"column":42}}]},"15":{"type":"branch","line":63,"loc":{"start":{"line":63,"column":30},"end":{"line":63,"column":47}},"locations":[{"start":{"line":63,"column":30},"end":{"line":63,"column":47}}]},"16":{"type":"branch","line":68,"loc":{"start":{"line":68,"column":7},"end":{"line":75,"column":1}},"locations":[{"start":{"line":68,"column":7},"end":{"line":75,"column":1}}]},"17":{"type":"branch","line":69,"loc":{"start":{"line":69,"column":31},"end":{"line":69,"column":79}},"locations":[{"start":{"line":69,"column":31},"end":{"line":69,"column":79}}]},"18":{"type":"branch","line":70,"loc":{"start":{"line":70,"column":27},"end":{"line":71,"column":34}},"locations":[{"start":{"line":70,"column":27},"end":{"line":71,"column":34}}]},"19":{"type":"branch","line":71,"loc":{"start":{"line":71,"column":21},"end":{"line":72,"column":43}},"locations":[{"start":{"line":71,"column":21},"end":{"line":72,"column":43}}]},"20":{"type":"branch","line":72,"loc":{"start":{"line":72,"column":21},"end":{"line":73,"column":50}},"locations":[{"start":{"line":72,"column":21},"end":{"line":73,"column":50}}]},"21":{"type":"branch","line":73,"loc":{"start":{"line":73,"column":37},"end":{"line":73,"column":48}},"locations":[{"start":{"line":73,"column":37},"end":{"line":73,"column":48}}]},"22":{"type":"branch","line":74,"loc":{"start":{"line":74,"column":9},"end":{"line":74,"column":34}},"locations":[{"start":{"line":74,"column":9},"end":{"line":74,"column":34}}]}},"b":{"0":[12],"1":[66],"2":[12],"3":[2],"4":[10],"5":[7],"6":[4],"7":[1],"8":[9],"9":[1],"10":[8],"11":[1],"12":[7],"13":[165],"14":[41],"15":[22],"16":[11],"17":[10],"18":[10],"19":[9],"20":[9],"21":[0],"22":[4]},"fnMap":{"0":{"name":"isCloudflareChallenge","decl":{"start":{"line":3,"column":7},"end":{"line":14,"column":1}},"loc":{"start":{"line":3,"column":7},"end":{"line":14,"column":1}},"line":3},"1":{"name":"isProtectedOrJsHeavy","decl":{"start":{"line":16,"column":7},"end":{"line":66,"column":1}},"loc":{"start":{"line":16,"column":7},"end":{"line":66,"column":1}},"line":16},"2":{"name":"isDefuddleFailure","decl":{"start":{"line":68,"column":7},"end":{"line":75,"column":1}},"loc":{"start":{"line":68,"column":7},"end":{"line":75,"column":1}},"line":68}},"f":{"0":12,"1":12,"2":11}}
,"/workspace/henyo-pi-web/shared/fetch/extract.ts": {"path":"/workspace/henyo-pi-web/shared/fetch/extract.ts","all":false,"statementMap":{"0":{"start":{"line":1,"column":0},"end":{"line":1,"column":30}},"1":{"start":{"line":2,"column":0},"end":{"line":2,"column":41}},"2":{"start":{"line":3,"column":0},"end":{"line":3,"column":57}},"13":{"start":{"line":14,"column":0},"end":{"line":14,"column":97}},"14":{"start":{"line":15,"column":0},"end":{"line":15,"column":67}},"15":{"start":{"line":16,"column":0},"end":{"line":16,"column":78}},"16":{"start":{"line":17,"column":0},"end":{"line":17,"column":10}},"17":{"start":{"line":18,"column":0},"end":{"line":18,"column":43}},"18":{"start":{"line":19,"column":0},"end":{"line":19,"column":38}},"19":{"start":{"line":20,"column":0},"end":{"line":20,"column":40}},"20":{"start":{"line":21,"column":0},"end":{"line":21,"column":50}},"21":{"start":{"line":22,"column":0},"end":{"line":22,"column":36}},"22":{"start":{"line":23,"column":0},"end":{"line":23,"column":28}},"23":{"start":{"line":24,"column":0},"end":{"line":24,"column":4}},"24":{"start":{"line":25,"column":0},"end":{"line":25,"column":1}},"26":{"start":{"line":27,"column":0},"end":{"line":27,"column":115}},"27":{"start":{"line":28,"column":0},"end":{"line":28,"column":43}},"28":{"start":{"line":29,"column":0},"end":{"line":29,"column":67}},"30":{"start":{"line":31,"column":0},"end":{"line":31,"column":55}},"31":{"start":{"line":32,"column":0},"end":{"line":32,"column":30}},"32":{"start":{"line":33,"column":0},"end":{"line":33,"column":14}},"33":{"start":{"line":34,"column":0},"end":{"line":34,"column":44}},"34":{"start":{"line":35,"column":0},"end":{"line":35,"column":29}},"35":{"start":{"line":36,"column":0},"end":{"line":36,"column":32}},"36":{"start":{"line":37,"column":0},"end":{"line":37,"column":6}},"37":{"start":{"line":38,"column":0},"end":{"line":38,"column":5}},"39":{"start":{"line":40,"column":0},"end":{"line":40,"column":16}},"40":{"start":{"line":41,"column":0},"end":{"line":41,"column":54}},"41":{"start":{"line":42,"column":0},"end":{"line":42,"column":3}},"43":{"start":{"line":44,"column":0},"end":{"line":44,"column":32}},"44":{"start":{"line":45,"column":0},"end":{"line":45,"column":17}},"45":{"start":{"line":46,"column":0},"end":{"line":46,"column":22}},"47":{"start":{"line":48,"column":0},"end":{"line":48,"column":53}},"48":{"start":{"line":49,"column":0},"end":{"line":49,"column":19}},"49":{"start":{"line":50,"column":0},"end":{"line":50,"column":33}},"50":{"start":{"line":51,"column":0},"end":{"line":51,"column":3}},"52":{"start":{"line":53,"column":0},"end":{"line":53,"column":42}},"53":{"start":{"line":54,"column":0},"end":{"line":54,"column":20}},"54":{"start":{"line":55,"column":0},"end":{"line":55,"column":39}},"55":{"start":{"line":56,"column":0},"end":{"line":56,"column":3}},"57":{"start":{"line":58,"column":0},"end":{"line":58,"column":29}},"58":{"start":{"line":59,"column":0},"end":{"line":59,"column":1}}},"s":{"0":1,"1":1,"2":1,"13":8,"14":8,"15":8,"16":8,"17":8,"18":8,"19":8,"20":8,"21":8,"22":8,"23":8,"24":8,"26":6,"27":6,"28":6,"30":6,"31":6,"32":6,"33":6,"34":6,"35":6,"36":6,"37":6,"39":6,"40":1,"41":1,"43":5,"44":5,"45":5,"47":5,"48":6,"49":0,"50":0,"52":5,"53":6,"54":0,"55":0,"57":5,"58":5},"branchMap":{"0":{"type":"branch","line":14,"loc":{"start":{"line":14,"column":0},"end":{"line":25,"column":1}},"locations":[{"start":{"line":14,"column":0},"end":{"line":25,"column":1}}]},"1":{"type":"branch","line":18,"loc":{"start":{"line":18,"column":35},"end":{"line":18,"column":43}},"locations":[{"start":{"line":18,"column":35},"end":{"line":18,"column":43}}]},"2":{"type":"branch","line":19,"loc":{"start":{"line":19,"column":30},"end":{"line":19,"column":38}},"locations":[{"start":{"line":19,"column":30},"end":{"line":19,"column":38}}]},"3":{"type":"branch","line":22,"loc":{"start":{"line":22,"column":17},"end":{"line":22,"column":28}},"locations":[{"start":{"line":22,"column":17},"end":{"line":22,"column":28}}]},"4":{"type":"branch","line":27,"loc":{"start":{"line":27,"column":0},"end":{"line":59,"column":1}},"locations":[{"start":{"line":27,"column":0},"end":{"line":59,"column":1}}]},"5":{"type":"branch","line":40,"loc":{"start":{"line":40,"column":15},"end":{"line":49,"column":18}},"locations":[{"start":{"line":40,"column":15},"end":{"line":49,"column":18}}]},"6":{"type":"branch","line":40,"loc":{"start":{"line":40,"column":15},"end":{"line":42,"column":3}},"locations":[{"start":{"line":40,"column":15},"end":{"line":42,"column":3}}]},"7":{"type":"branch","line":49,"loc":{"start":{"line":49,"column":18},"end":{"line":51,"column":3}},"locations":[{"start":{"line":49,"column":18},"end":{"line":51,"column":3}}]},"8":{"type":"branch","line":51,"loc":{"start":{"line":51,"column":2},"end":{"line":54,"column":19}},"locations":[{"start":{"line":51,"column":2},"end":{"line":54,"column":19}}]},"9":{"type":"branch","line":54,"loc":{"start":{"line":54,"column":19},"end":{"line":56,"column":3}},"locations":[{"start":{"line":54,"column":19},"end":{"line":56,"column":3}}]},"10":{"type":"branch","line":56,"loc":{"start":{"line":56,"column":2},"end":{"line":59,"column":1}},"locations":[{"start":{"line":56,"column":2},"end":{"line":59,"column":1}}]}},"b":{"0":[8],"1":[1],"2":[1],"3":[0],"4":[6],"5":[5],"6":[1],"7":[0],"8":[5],"9":[0],"10":[5]},"fnMap":{"0":{"name":"extractWithDefuddle","decl":{"start":{"line":14,"column":0},"end":{"line":25,"column":1}},"loc":{"start":{"line":14,"column":0},"end":{"line":25,"column":1}},"line":14},"1":{"name":"fetchWithJina","decl":{"start":{"line":27,"column":0},"end":{"line":59,"column":1}},"loc":{"start":{"line":27,"column":0},"end":{"line":59,"column":1}},"line":27}},"f":{"0":8,"1":6}}
,"/workspace/henyo-pi-web/shared/fetch/github.ts": {"path":"/workspace/henyo-pi-web/shared/fetch/github.ts","all":false,"statementMap":{"0":{"start":{"line":1,"column":0},"end":{"line":1,"column":57}},"2":{"start":{"line":3,"column":0},"end":{"line":3,"column":60}},"4":{"start":{"line":5,"column":0},"end":{"line":5,"column":51}},"5":{"start":{"line":6,"column":0},"end":{"line":6,"column":33}},"6":{"start":{"line":7,"column":0},"end":{"line":7,"column":1}},"8":{"start":{"line":9,"column":0},"end":{"line":9,"column":138}},"10":{"start":{"line":11,"column":0},"end":{"line":11,"column":74}},"11":{"start":{"line":12,"column":0},"end":{"line":12,"column":18}},"12":{"start":{"line":13,"column":0},"end":{"line":13,"column":53}},"14":{"start":{"line":15,"column":0},"end":{"line":15,"column":105}},"15":{"start":{"line":16,"column":0},"end":{"line":16,"column":57}},"16":{"start":{"line":17,"column":0},"end":{"line":17,"column":7}},"18":{"start":{"line":19,"column":0},"end":{"line":19,"column":20}},"19":{"start":{"line":20,"column":0},"end":{"line":20,"column":42}},"20":{"start":{"line":21,"column":0},"end":{"line":21,"column":14}},"21":{"start":{"line":22,"column":0},"end":{"line":22,"column":48}},"22":{"start":{"line":23,"column":0},"end":{"line":23,"column":26}},"23":{"start":{"line":24,"column":0},"end":{"line":24,"column":25}},"24":{"start":{"line":25,"column":0},"end":{"line":25,"column":8}},"25":{"start":{"line":26,"column":0},"end":{"line":26,"column":5}},"26":{"start":{"line":27,"column":0},"end":{"line":27,"column":3}},"28":{"start":{"line":29,"column":0},"end":{"line":29,"column":14}},"29":{"start":{"line":30,"column":0},"end":{"line":30,"column":1}}},"s":{"0":1,"2":1,"4":1,"5":18,"6":18,"8":2,"10":2,"11":2,"12":1,"14":1,"15":1,"16":1,"18":1,"19":0,"20":0,"21":0,"22":0,"23":0,"24":0,"25":0,"26":1,"28":2,"29":2},"branchMap":{"0":{"type":"branch","line":5,"loc":{"start":{"line":5,"column":7},"end":{"line":7,"column":1}},"locations":[{"start":{"line":5,"column":7},"end":{"line":7,"column":1}}]},"1":{"type":"branch","line":9,"loc":{"start":{"line":9,"column":0},"end":{"line":30,"column":1}},"locations":[{"start":{"line":9,"column":0},"end":{"line":30,"column":1}}]},"2":{"type":"branch","line":12,"loc":{"start":{"line":12,"column":17},"end":{"line":27,"column":3}},"locations":[{"start":{"line":12,"column":17},"end":{"line":27,"column":3}}]},"3":{"type":"branch","line":19,"loc":{"start":{"line":19,"column":19},"end":{"line":26,"column":5}},"locations":[{"start":{"line":19,"column":19},"end":{"line":26,"column":5}}]}},"b":{"0":[18],"1":[2],"2":[1],"3":[0]},"fnMap":{"0":{"name":"isGitHubUrl","decl":{"start":{"line":5,"column":7},"end":{"line":7,"column":1}},"loc":{"start":{"line":5,"column":7},"end":{"line":7,"column":1}},"line":5},"1":{"name":"fetchGitHubContent","decl":{"start":{"line":9,"column":0},"end":{"line":30,"column":1}},"loc":{"start":{"line":9,"column":0},"end":{"line":30,"column":1}},"line":9}},"f":{"0":18,"1":2}}
,"/workspace/henyo-pi-web/shared/fetch/pipeline.ts": {"path":"/workspace/henyo-pi-web/shared/fetch/pipeline.ts","all":false,"statementMap":{"0":{"start":{"line":1,"column":0},"end":{"line":1,"column":39}},"2":{"start":{"line":3,"column":0},"end":{"line":3,"column":82}},"3":{"start":{"line":4,"column":0},"end":{"line":4,"column":63}},"4":{"start":{"line":5,"column":0},"end":{"line":5,"column":93}},"5":{"start":{"line":6,"column":0},"end":{"line":6,"column":59}},"6":{"start":{"line":7,"column":0},"end":{"line":7,"column":43}},"7":{"start":{"line":8,"column":0},"end":{"line":8,"column":41}},"8":{"start":{"line":9,"column":0},"end":{"line":9,"column":41}},"27":{"start":{"line":28,"column":0},"end":{"line":28,"column":78}},"28":{"start":{"line":29,"column":0},"end":{"line":29,"column":70}},"29":{"start":{"line":30,"column":0},"end":{"line":30,"column":51}},"30":{"start":{"line":31,"column":0},"end":{"line":31,"column":47}},"31":{"start":{"line":32,"column":0},"end":{"line":32,"column":47}},"32":{"start":{"line":33,"column":0},"end":{"line":33,"column":64}},"33":{"start":{"line":34,"column":0},"end":{"line":34,"column":57}},"35":{"start":{"line":36,"column":0},"end":{"line":36,"column":28}},"36":{"start":{"line":37,"column":0},"end":{"line":37,"column":52}},"37":{"start":{"line":38,"column":0},"end":{"line":38,"column":9}},"38":{"start":{"line":39,"column":0},"end":{"line":39,"column":18}},"39":{"start":{"line":40,"column":0},"end":{"line":40,"column":4}},"41":{"start":{"line":42,"column":0},"end":{"line":42,"column":48}},"44":{"start":{"line":45,"column":0},"end":{"line":45,"column":17}},"45":{"start":{"line":46,"column":0},"end":{"line":46,"column":39}},"46":{"start":{"line":47,"column":0},"end":{"line":47,"column":17}},"47":{"start":{"line":48,"column":0},"end":{"line":48,"column":20}},"48":{"start":{"line":49,"column":0},"end":{"line":49,"column":5}},"49":{"start":{"line":50,"column":0},"end":{"line":50,"column":3}},"52":{"start":{"line":53,"column":0},"end":{"line":53,"column":64}},"55":{"start":{"line":56,"column":0},"end":{"line":56,"column":71}},"56":{"start":{"line":57,"column":0},"end":{"line":57,"column":32}},"59":{"start":{"line":60,"column":0},"end":{"line":60,"column":36}},"60":{"start":{"line":61,"column":0},"end":{"line":61,"column":104}},"61":{"start":{"line":62,"column":0},"end":{"line":62,"column":3}},"64":{"start":{"line":65,"column":0},"end":{"line":65,"column":60}},"66":{"start":{"line":67,"column":0},"end":{"line":67,"column":49}},"67":{"start":{"line":68,"column":0},"end":{"line":68,"column":62}},"68":{"start":{"line":69,"column":0},"end":{"line":69,"column":33}},"69":{"start":{"line":70,"column":0},"end":{"line":70,"column":20}},"70":{"start":{"line":71,"column":0},"end":{"line":71,"column":18}},"71":{"start":{"line":72,"column":0},"end":{"line":72,"column":16}},"72":{"start":{"line":73,"column":0},"end":{"line":73,"column":21}},"73":{"start":{"line":74,"column":0},"end":{"line":74,"column":23}},"74":{"start":{"line":75,"column":0},"end":{"line":75,"column":6}},"75":{"start":{"line":76,"column":0},"end":{"line":76,"column":46}},"76":{"start":{"line":77,"column":0},"end":{"line":77,"column":18}},"77":{"start":{"line":78,"column":0},"end":{"line":78,"column":3}},"79":{"start":{"line":80,"column":0},"end":{"line":80,"column":43}},"80":{"start":{"line":81,"column":0},"end":{"line":81,"column":33}},"81":{"start":{"line":82,"column":0},"end":{"line":82,"column":11}},"82":{"start":{"line":83,"column":0},"end":{"line":83,"column":18}},"83":{"start":{"line":84,"column":0},"end":{"line":84,"column":16}},"84":{"start":{"line":85,"column":0},"end":{"line":85,"column":21}},"85":{"start":{"line":86,"column":0},"end":{"line":86,"column":23}},"86":{"start":{"line":87,"column":0},"end":{"line":87,"column":6}},"87":{"start":{"line":88,"column":0},"end":{"line":88,"column":46}},"88":{"start":{"line":89,"column":0},"end":{"line":89,"column":18}},"89":{"start":{"line":90,"column":0},"end":{"line":90,"column":3}},"92":{"start":{"line":93,"column":0},"end":{"line":93,"column":80}},"95":{"start":{"line":96,"column":0},"end":{"line":96,"column":33}},"96":{"start":{"line":97,"column":0},"end":{"line":97,"column":69}},"97":{"start":{"line":98,"column":0},"end":{"line":98,"column":23}},"98":{"start":{"line":99,"column":0},"end":{"line":99,"column":28}},"99":{"start":{"line":100,"column":0},"end":{"line":100,"column":5}},"100":{"start":{"line":101,"column":0},"end":{"line":101,"column":3}},"103":{"start":{"line":104,"column":0},"end":{"line":104,"column":47}},"105":{"start":{"line":106,"column":0},"end":{"line":106,"column":9}},"106":{"start":{"line":107,"column":0},"end":{"line":107,"column":70}},"107":{"start":{"line":108,"column":0},"end":{"line":108,"column":16}},"108":{"start":{"line":109,"column":0},"end":{"line":109,"column":38}},"109":{"start":{"line":110,"column":0},"end":{"line":110,"column":32}},"110":{"start":{"line":111,"column":0},"end":{"line":111,"column":27}},"111":{"start":{"line":112,"column":0},"end":{"line":112,"column":8}},"112":{"start":{"line":113,"column":0},"end":{"line":113,"column":19}},"113":{"start":{"line":114,"column":0},"end":{"line":114,"column":97}},"114":{"start":{"line":115,"column":0},"end":{"line":115,"column":5}},"117":{"start":{"line":118,"column":0},"end":{"line":118,"column":103}},"118":{"start":{"line":119,"column":0},"end":{"line":119,"column":25}},"119":{"start":{"line":120,"column":0},"end":{"line":120,"column":108}},"120":{"start":{"line":121,"column":0},"end":{"line":121,"column":62}},"121":{"start":{"line":122,"column":0},"end":{"line":122,"column":14}},"122":{"start":{"line":123,"column":0},"end":{"line":123,"column":124}},"123":{"start":{"line":124,"column":0},"end":{"line":124,"column":13}},"124":{"start":{"line":125,"column":0},"end":{"line":125,"column":71}},"125":{"start":{"line":126,"column":0},"end":{"line":126,"column":94}},"126":{"start":{"line":127,"column":0},"end":{"line":127,"column":23}},"127":{"start":{"line":128,"column":0},"end":{"line":128,"column":104}},"128":{"start":{"line":129,"column":0},"end":{"line":129,"column":64}},"129":{"start":{"line":130,"column":0},"end":{"line":130,"column":9}},"130":{"start":{"line":131,"column":0},"end":{"line":131,"column":7}},"131":{"start":{"line":132,"column":0},"end":{"line":132,"column":5}},"132":{"start":{"line":133,"column":0},"end":{"line":133,"column":53}},"133":{"start":{"line":134,"column":0},"end":{"line":134,"column":130}},"134":{"start":{"line":135,"column":0},"end":{"line":135,"column":23}},"135":{"start":{"line":136,"column":0},"end":{"line":136,"column":114}},"136":{"start":{"line":137,"column":0},"end":{"line":137,"column":60}},"137":{"start":{"line":138,"column":0},"end":{"line":138,"column":12}},"138":{"start":{"line":139,"column":0},"end":{"line":139,"column":11}},"139":{"start":{"line":140,"column":0},"end":{"line":140,"column":69}},"140":{"start":{"line":141,"column":0},"end":{"line":141,"column":92}},"141":{"start":{"line":142,"column":0},"end":{"line":142,"column":21}},"142":{"start":{"line":143,"column":0},"end":{"line":143,"column":102}},"143":{"start":{"line":144,"column":0},"end":{"line":144,"column":62}},"144":{"start":{"line":145,"column":0},"end":{"line":145,"column":7}},"145":{"start":{"line":146,"column":0},"end":{"line":146,"column":5}},"146":{"start":{"line":147,"column":0},"end":{"line":147,"column":3}},"148":{"start":{"line":149,"column":0},"end":{"line":149,"column":16}},"149":{"start":{"line":150,"column":0},"end":{"line":150,"column":58}},"150":{"start":{"line":151,"column":0},"end":{"line":151,"column":3}},"153":{"start":{"line":154,"column":0},"end":{"line":154,"column":95}},"155":{"start":{"line":156,"column":0},"end":{"line":156,"column":36}},"156":{"start":{"line":157,"column":0},"end":{"line":157,"column":35}},"157":{"start":{"line":158,"column":0},"end":{"line":158,"column":16}},"158":{"start":{"line":159,"column":0},"end":{"line":159,"column":39}},"159":{"start":{"line":160,"column":0},"end":{"line":160,"column":40}},"160":{"start":{"line":161,"column":0},"end":{"line":161,"column":41}},"161":{"start":{"line":162,"column":0},"end":{"line":162,"column":4}},"164":{"start":{"line":165,"column":0},"end":{"line":165,"column":17}},"165":{"start":{"line":166,"column":0},"end":{"line":166,"column":37}},"166":{"start":{"line":167,"column":0},"end":{"line":167,"column":3}},"168":{"start":{"line":169,"column":0},"end":{"line":169,"column":21}},"169":{"start":{"line":170,"column":0},"end":{"line":170,"column":1}}},"s":{"0":1,"2":1,"3":1,"4":1,"5":1,"6":1,"7":1,"8":1,"27":9,"28":9,"29":9,"30":9,"31":9,"32":9,"33":9,"35":9,"36":9,"37":9,"38":9,"39":9,"41":9,"44":9,"45":2,"46":2,"47":2,"48":2,"49":2,"52":7,"55":7,"56":5,"59":9,"60":0,"61":0,"64":9,"66":9,"67":0,"68":0,"69":0,"70":0,"71":0,"72":0,"73":0,"74":0,"75":0,"76":0,"77":0,"79":9,"80":0,"81":0,"82":0,"83":0,"84":0,"85":0,"86":0,"87":0,"88":0,"89":0,"92":5,"95":9,"96":0,"97":0,"98":0,"99":0,"100":0,"103":9,"105":5,"106":5,"107":5,"108":5,"109":5,"110":5,"111":5,"112":5,"113":0,"114":0,"117":5,"118":5,"119":1,"120":1,"121":5,"122":4,"123":4,"124":4,"125":4,"126":4,"127":0,"128":0,"129":0,"130":4,"131":5,"132":9,"133":0,"134":0,"135":0,"136":0,"137":0,"138":0,"139":0,"140":0,"141":0,"142":0,"143":0,"144":0,"145":0,"146":0,"148":9,"149":0,"150":0,"153":9,"155":9,"156":9,"157":9,"158":9,"159":9,"160":9,"161":9,"164":9,"165":0,"166":0,"168":5,"169":5},"branchMap":{"0":{"type":"branch","line":28,"loc":{"start":{"line":28,"column":0},"end":{"line":170,"column":1}},"locations":[{"start":{"line":28,"column":0},"end":{"line":170,"column":1}}]},"1":{"type":"branch","line":31,"loc":{"start":{"line":31,"column":37},"end":{"line":31,"column":47}},"locations":[{"start":{"line":31,"column":37},"end":{"line":31,"column":47}}]},"2":{"type":"branch","line":32,"loc":{"start":{"line":32,"column":37},"end":{"line":32,"column":47}},"locations":[{"start":{"line":32,"column":37},"end":{"line":32,"column":47}}]},"3":{"type":"branch","line":33,"loc":{"start":{"line":33,"column":53},"end":{"line":33,"column":64}},"locations":[{"start":{"line":33,"column":53},"end":{"line":33,"column":64}}]},"4":{"type":"branch","line":34,"loc":{"start":{"line":34,"column":48},"end":{"line":34,"column":57}},"locations":[{"start":{"line":34,"column":48},"end":{"line":34,"column":57}}]},"5":{"type":"branch","line":45,"loc":{"start":{"line":45,"column":16},"end":{"line":50,"column":3}},"locations":[{"start":{"line":45,"column":16},"end":{"line":50,"column":3}}]},"6":{"type":"branch","line":50,"loc":{"start":{"line":50,"column":2},"end":{"line":56,"column":71}},"locations":[{"start":{"line":50,"column":2},"end":{"line":56,"column":71}}]},"7":{"type":"branch","line":56,"loc":{"start":{"line":56,"column":69},"end":{"line":60,"column":35}},"locations":[{"start":{"line":56,"column":69},"end":{"line":60,"column":35}}]},"8":{"type":"branch","line":60,"loc":{"start":{"line":60,"column":35},"end":{"line":62,"column":3}},"locations":[{"start":{"line":60,"column":35},"end":{"line":62,"column":3}}]},"9":{"type":"branch","line":62,"loc":{"start":{"line":62,"column":2},"end":{"line":65,"column":57}},"locations":[{"start":{"line":62,"column":2},"end":{"line":65,"column":57}}]},"10":{"type":"branch","line":65,"loc":{"start":{"line":65,"column":52},"end":{"line":65,"column":60}},"locations":[{"start":{"line":65,"column":52},"end":{"line":65,"column":60}}]},"11":{"type":"branch","line":67,"loc":{"start":{"line":67,"column":48},"end":{"line":78,"column":3}},"locations":[{"start":{"line":67,"column":48},"end":{"line":78,"column":3}}]},"12":{"type":"branch","line":78,"loc":{"start":{"line":78,"column":2},"end":{"line":80,"column":42}},"locations":[{"start":{"line":78,"column":2},"end":{"line":80,"column":42}}]},"13":{"type":"branch","line":80,"loc":{"start":{"line":80,"column":42},"end":{"line":90,"column":3}},"locations":[{"start":{"line":80,"column":42},"end":{"line":90,"column":3}}]},"14":{"type":"branch","line":90,"loc":{"start":{"line":90,"column":2},"end":{"line":96,"column":32}},"locations":[{"start":{"line":90,"column":2},"end":{"line":96,"column":32}}]},"15":{"type":"branch","line":96,"loc":{"start":{"line":96,"column":32},"end":{"line":101,"column":3}},"locations":[{"start":{"line":96,"column":32},"end":{"line":101,"column":3}}]},"16":{"type":"branch","line":101,"loc":{"start":{"line":101,"column":2},"end":{"line":104,"column":46}},"locations":[{"start":{"line":101,"column":2},"end":{"line":104,"column":46}}]},"17":{"type":"branch","line":104,"loc":{"start":{"line":104,"column":46},"end":{"line":133,"column":13}},"locations":[{"start":{"line":104,"column":46},"end":{"line":133,"column":13}}]},"18":{"type":"branch","line":113,"loc":{"start":{"line":113,"column":4},"end":{"line":115,"column":5}},"locations":[{"start":{"line":113,"column":4},"end":{"line":115,"column":5}}]},"19":{"type":"branch","line":119,"loc":{"start":{"line":119,"column":24},"end":{"line":122,"column":13}},"locations":[{"start":{"line":119,"column":24},"end":{"line":122,"column":13}}]},"20":{"type":"branch","line":122,"loc":{"start":{"line":122,"column":6},"end":{"line":131,"column":7}},"locations":[{"start":{"line":122,"column":6},"end":{"line":131,"column":7}}]},"21":{"type":"branch","line":123,"loc":{"start":{"line":123,"column":8},"end":{"line":123,"column":124}},"locations":[{"start":{"line":123,"column":8},"end":{"line":123,"column":124}}]},"22":{"type":"branch","line":127,"loc":{"start":{"line":127,"column":8},"end":{"line":130,"column":9}},"locations":[{"start":{"line":127,"column":8},"end":{"line":130,"column":9}}]},"23":{"type":"branch","line":133,"loc":{"start":{"line":133,"column":2},"end":{"line":147,"column":3}},"locations":[{"start":{"line":133,"column":2},"end":{"line":147,"column":3}}]},"24":{"type":"branch","line":147,"loc":{"start":{"line":147,"column":2},"end":{"line":149,"column":15}},"locations":[{"start":{"line":147,"column":2},"end":{"line":149,"column":15}}]},"25":{"type":"branch","line":149,"loc":{"start":{"line":149,"column":15},"end":{"line":151,"column":3}},"locations":[{"start":{"line":149,"column":15},"end":{"line":151,"column":3}}]},"26":{"type":"branch","line":151,"loc":{"start":{"line":151,"column":2},"end":{"line":154,"column":77}},"locations":[{"start":{"line":151,"column":2},"end":{"line":154,"column":77}}]},"27":{"type":"branch","line":159,"loc":{"start":{"line":159,"column":27},"end":{"line":159,"column":39}},"locations":[{"start":{"line":159,"column":27},"end":{"line":159,"column":39}}]},"28":{"type":"branch","line":160,"loc":{"start":{"line":160,"column":19},"end":{"line":160,"column":40}},"locations":[{"start":{"line":160,"column":19},"end":{"line":160,"column":40}}]},"29":{"type":"branch","line":165,"loc":{"start":{"line":165,"column":16},"end":{"line":167,"column":3}},"locations":[{"start":{"line":165,"column":16},"end":{"line":167,"column":3}}]},"30":{"type":"branch","line":167,"loc":{"start":{"line":167,"column":2},"end":{"line":170,"column":1}},"locations":[{"start":{"line":167,"column":2},"end":{"line":170,"column":1}}]}},"b":{"0":[9],"1":[0],"2":[0],"3":[0],"4":[0],"5":[2],"6":[7],"7":[5],"8":[0],"9":[5],"10":[0],"11":[0],"12":[5],"13":[0],"14":[5],"15":[0],"16":[5],"17":[5],"18":[0],"19":[1],"20":[4],"21":[1],"22":[0],"23":[0],"24":[5],"25":[0],"26":[5],"27":[5],"28":[0],"29":[0],"30":[5]},"fnMap":{"0":{"name":"fetchPage","decl":{"start":{"line":28,"column":0},"end":{"line":170,"column":1}},"loc":{"start":{"line":28,"column":0},"end":{"line":170,"column":1}},"line":28}},"f":{"0":9}}
,"/workspace/henyo-pi-web/shared/fetch/retry.ts": {"path":"/workspace/henyo-pi-web/shared/fetch/retry.ts","all":false,"statementMap":{"0":{"start":{"line":1,"column":0},"end":{"line":1,"column":82}},"2":{"start":{"line":3,"column":0},"end":{"line":3,"column":55}},"3":{"start":{"line":4,"column":0},"end":{"line":4,"column":22}},"5":{"start":{"line":6,"column":0},"end":{"line":6,"column":111}},"6":{"start":{"line":7,"column":0},"end":{"line":7,"column":22}},"7":{"start":{"line":8,"column":0},"end":{"line":8,"column":75}},"9":{"start":{"line":10,"column":0},"end":{"line":10,"column":42}},"10":{"start":{"line":11,"column":0},"end":{"line":11,"column":45}},"11":{"start":{"line":12,"column":0},"end":{"line":12,"column":52}},"13":{"start":{"line":14,"column":0},"end":{"line":14,"column":9}},"14":{"start":{"line":15,"column":0},"end":{"line":15,"column":42}},"15":{"start":{"line":16,"column":0},"end":{"line":16,"column":34}},"16":{"start":{"line":17,"column":0},"end":{"line":17,"column":18}},"17":{"start":{"line":18,"column":0},"end":{"line":18,"column":48}},"18":{"start":{"line":19,"column":0},"end":{"line":19,"column":108}},"19":{"start":{"line":20,"column":0},"end":{"line":20,"column":58}},"20":{"start":{"line":21,"column":0},"end":{"line":21,"column":49}},"21":{"start":{"line":22,"column":0},"end":{"line":22,"column":39}},"22":{"start":{"line":23,"column":0},"end":{"line":23,"column":39}},"23":{"start":{"line":24,"column":0},"end":{"line":24,"column":35}},"24":{"start":{"line":25,"column":0},"end":{"line":25,"column":33}},"25":{"start":{"line":26,"column":0},"end":{"line":26,"column":43}},"26":{"start":{"line":27,"column":0},"end":{"line":27,"column":10}},"27":{"start":{"line":28,"column":0},"end":{"line":28,"column":27}},"28":{"start":{"line":29,"column":0},"end":{"line":29,"column":9}},"30":{"start":{"line":31,"column":0},"end":{"line":31,"column":47}},"32":{"start":{"line":33,"column":0},"end":{"line":33,"column":41}},"33":{"start":{"line":34,"column":0},"end":{"line":34,"column":65}},"34":{"start":{"line":35,"column":0},"end":{"line":35,"column":7}},"36":{"start":{"line":37,"column":0},"end":{"line":37,"column":56}},"37":{"start":{"line":38,"column":0},"end":{"line":38,"column":112}},"39":{"start":{"line":40,"column":0},"end":{"line":40,"column":28}},"40":{"start":{"line":41,"column":0},"end":{"line":41,"column":28}},"41":{"start":{"line":42,"column":0},"end":{"line":42,"column":7}},"42":{"start":{"line":43,"column":0},"end":{"line":43,"column":24}},"43":{"start":{"line":44,"column":0},"end":{"line":44,"column":71}},"44":{"start":{"line":45,"column":0},"end":{"line":45,"column":65}},"45":{"start":{"line":46,"column":0},"end":{"line":46,"column":14}},"46":{"start":{"line":47,"column":0},"end":{"line":47,"column":52}},"47":{"start":{"line":48,"column":0},"end":{"line":48,"column":7}},"48":{"start":{"line":49,"column":0},"end":{"line":49,"column":5}},"49":{"start":{"line":50,"column":0},"end":{"line":50,"column":3}},"50":{"start":{"line":51,"column":0},"end":{"line":51,"column":57}},"51":{"start":{"line":52,"column":0},"end":{"line":52,"column":1}}},"s":{"0":1,"2":1,"3":1,"5":10,"6":10,"7":10,"9":10,"10":10,"11":10,"13":10,"14":10,"15":10,"16":10,"17":10,"18":10,"19":10,"20":10,"21":10,"22":10,"23":10,"24":10,"25":10,"26":10,"27":10,"28":10,"30":6,"32":0,"33":0,"34":0,"36":0,"37":10,"39":10,"40":0,"41":0,"42":10,"43":4,"44":0,"45":4,"46":4,"47":4,"48":4,"49":10,"50":0,"51":0},"branchMap":{"0":{"type":"branch","line":6,"loc":{"start":{"line":6,"column":0},"end":{"line":52,"column":1}},"locations":[{"start":{"line":6,"column":0},"end":{"line":52,"column":1}}]},"1":{"type":"branch","line":8,"loc":{"start":{"line":8,"column":40},"end":{"line":8,"column":75}},"locations":[{"start":{"line":8,"column":40},"end":{"line":8,"column":75}}]},"2":{"type":"branch","line":29,"loc":{"start":{"line":29,"column":7},"end":{"line":31,"column":47}},"locations":[{"start":{"line":29,"column":7},"end":{"line":31,"column":47}}]},"3":{"type":"branch","line":31,"loc":{"start":{"line":31,"column":45},"end":{"line":38,"column":68}},"locations":[{"start":{"line":31,"column":45},"end":{"line":38,"column":68}}]},"4":{"type":"branch","line":38,"loc":{"start":{"line":38,"column":61},"end":{"line":38,"column":112}},"locations":[{"start":{"line":38,"column":61},"end":{"line":38,"column":112}}]},"5":{"type":"branch","line":40,"loc":{"start":{"line":40,"column":27},"end":{"line":42,"column":7}},"locations":[{"start":{"line":40,"column":27},"end":{"line":42,"column":7}}]},"6":{"type":"branch","line":43,"loc":{"start":{"line":43,"column":4},"end":{"line":49,"column":5}},"locations":[{"start":{"line":43,"column":4},"end":{"line":49,"column":5}}]},"7":{"type":"branch","line":44,"loc":{"start":{"line":44,"column":70},"end":{"line":46,"column":13}},"locations":[{"start":{"line":44,"column":70},"end":{"line":46,"column":13}}]},"8":{"type":"branch","line":47,"loc":{"start":{"line":47,"column":28},"end":{"line":47,"column":50}},"locations":[{"start":{"line":47,"column":28},"end":{"line":47,"column":50}}]},"9":{"type":"branch","line":50,"loc":{"start":{"line":50,"column":2},"end":{"line":52,"column":1}},"locations":[{"start":{"line":50,"column":2},"end":{"line":52,"column":1}}]},"10":{"type":"branch","line":12,"loc":{"start":{"line":12,"column":15},"end":{"line":12,"column":41}},"locations":[{"start":{"line":12,"column":15},"end":{"line":12,"column":41}}]}},"b":{"0":[10],"1":[2],"2":[6],"3":[0],"4":[0],"5":[0],"6":[4],"7":[0],"8":[0],"9":[0],"10":[1]},"fnMap":{"0":{"name":"fetchWithRetry","decl":{"start":{"line":6,"column":0},"end":{"line":52,"column":1}},"loc":{"start":{"line":6,"column":0},"end":{"line":52,"column":1}},"line":6}},"f":{"0":10}}
,"/workspace/henyo-pi-web/shared/fetch/truncate.ts": {"path":"/workspace/henyo-pi-web/shared/fetch/truncate.ts","all":false,"statementMap":{"6":{"start":{"line":7,"column":0},"end":{"line":7,"column":113}},"7":{"start":{"line":8,"column":0},"end":{"line":8,"column":36}},"8":{"start":{"line":9,"column":0},"end":{"line":9,"column":42}},"9":{"start":{"line":10,"column":0},"end":{"line":10,"column":30}},"11":{"start":{"line":12,"column":0},"end":{"line":12,"column":42}},"12":{"start":{"line":13,"column":0},"end":{"line":13,"column":26}},"13":{"start":{"line":14,"column":0},"end":{"line":14,"column":57}},"14":{"start":{"line":15,"column":0},"end":{"line":15,"column":23}},"15":{"start":{"line":16,"column":0},"end":{"line":16,"column":53}},"16":{"start":{"line":17,"column":0},"end":{"line":17,"column":55}},"17":{"start":{"line":18,"column":0},"end":{"line":18,"column":48}},"18":{"start":{"line":19,"column":0},"end":{"line":19,"column":18}},"19":{"start":{"line":20,"column":0},"end":{"line":20,"column":18}},"20":{"start":{"line":21,"column":0},"end":{"line":21,"column":41}},"21":{"start":{"line":22,"column":0},"end":{"line":22,"column":142}},"22":{"start":{"line":23,"column":0},"end":{"line":23,"column":103}},"23":{"start":{"line":24,"column":0},"end":{"line":24,"column":94}},"24":{"start":{"line":25,"column":0},"end":{"line":25,"column":28}},"25":{"start":{"line":26,"column":0},"end":{"line":26,"column":12}},"26":{"start":{"line":27,"column":0},"end":{"line":27,"column":9}},"27":{"start":{"line":28,"column":0},"end":{"line":28,"column":7}},"28":{"start":{"line":29,"column":0},"end":{"line":29,"column":70}},"29":{"start":{"line":30,"column":0},"end":{"line":30,"column":5}},"30":{"start":{"line":31,"column":0},"end":{"line":31,"column":22}},"31":{"start":{"line":32,"column":0},"end":{"line":32,"column":3}},"33":{"start":{"line":34,"column":0},"end":{"line":34,"column":66}},"34":{"start":{"line":35,"column":0},"end":{"line":35,"column":1}}},"s":{"6":1,"7":9,"8":9,"9":9,"11":9,"12":32,"13":32,"14":32,"15":4,"16":1,"17":1,"18":1,"19":1,"20":1,"21":1,"22":1,"23":1,"24":1,"25":1,"26":1,"27":1,"28":3,"29":3,"30":31,"31":31,"33":31,"34":31},"branchMap":{"0":{"type":"branch","line":7,"loc":{"start":{"line":7,"column":7},"end":{"line":35,"column":1}},"locations":[{"start":{"line":7,"column":7},"end":{"line":35,"column":1}}]},"1":{"type":"branch","line":12,"loc":{"start":{"line":12,"column":41},"end":{"line":35,"column":1}},"locations":[{"start":{"line":12,"column":41},"end":{"line":35,"column":1}}]},"2":{"type":"branch","line":12,"loc":{"start":{"line":12,"column":41},"end":{"line":32,"column":3}},"locations":[{"start":{"line":12,"column":41},"end":{"line":32,"column":3}}]},"3":{"type":"branch","line":15,"loc":{"start":{"line":15,"column":22},"end":{"line":30,"column":5}},"locations":[{"start":{"line":15,"column":22},"end":{"line":30,"column":5}}]},"4":{"type":"branch","line":16,"loc":{"start":{"line":16,"column":28},"end":{"line":16,"column":52}},"locations":[{"start":{"line":16,"column":28},"end":{"line":16,"column":52}}]},"5":{"type":"branch","line":16,"loc":{"start":{"line":16,"column":52},"end":{"line":28,"column":7}},"locations":[{"start":{"line":16,"column":52},"end":{"line":28,"column":7}}]},"6":{"type":"branch","line":24,"loc":{"start":{"line":24,"column":33},"end":{"line":24,"column":90}},"locations":[{"start":{"line":24,"column":33},"end":{"line":24,"column":90}}]},"7":{"type":"branch","line":28,"loc":{"start":{"line":28,"column":6},"end":{"line":30,"column":5}},"locations":[{"start":{"line":28,"column":6},"end":{"line":30,"column":5}}]},"8":{"type":"branch","line":30,"loc":{"start":{"line":30,"column":4},"end":{"line":32,"column":3}},"locations":[{"start":{"line":30,"column":4},"end":{"line":32,"column":3}}]},"9":{"type":"branch","line":32,"loc":{"start":{"line":32,"column":2},"end":{"line":35,"column":1}},"locations":[{"start":{"line":32,"column":2},"end":{"line":35,"column":1}}]},"10":{"type":"branch","line":23,"loc":{"start":{"line":23,"column":40},"end":{"line":23,"column":89}},"locations":[{"start":{"line":23,"column":40},"end":{"line":23,"column":89}}]}},"b":{"0":[9],"1":[26],"2":[32],"3":[4],"4":[1],"5":[1],"6":[0],"7":[3],"8":[31],"9":[31],"10":[1]},"fnMap":{"0":{"name":"smartTruncate","decl":{"start":{"line":7,"column":7},"end":{"line":35,"column":1}},"loc":{"start":{"line":7,"column":7},"end":{"line":35,"column":1}},"line":7}},"f":{"0":9}}
,"/workspace/henyo-pi-web/shared/search/context.ts": {"path":"/workspace/henyo-pi-web/shared/search/context.ts","all":false,"statementMap":{"0":{"start":{"line":1,"column":0},"end":{"line":1,"column":57}},"9":{"start":{"line":10,"column":0},"end":{"line":10,"column":41}},"10":{"start":{"line":11,"column":0},"end":{"line":11,"column":11}},"11":{"start":{"line":12,"column":0},"end":{"line":12,"column":14}},"12":{"start":{"line":13,"column":0},"end":{"line":13,"column":16}},"13":{"start":{"line":14,"column":0},"end":{"line":14,"column":14}},"14":{"start":{"line":15,"column":0},"end":{"line":15,"column":23}},"15":{"start":{"line":16,"column":0},"end":{"line":16,"column":14}},"16":{"start":{"line":17,"column":0},"end":{"line":17,"column":13}},"17":{"start":{"line":18,"column":0},"end":{"line":18,"column":13}},"18":{"start":{"line":19,"column":0},"end":{"line":19,"column":13}},"19":{"start":{"line":20,"column":0},"end":{"line":20,"column":11}},"20":{"start":{"line":21,"column":0},"end":{"line":21,"column":13}},"21":{"start":{"line":22,"column":0},"end":{"line":22,"column":732}},"22":{"start":{"line":23,"column":0},"end":{"line":23,"column":374}},"23":{"start":{"line":24,"column":0},"end":{"line":24,"column":373}},"24":{"start":{"line":25,"column":0},"end":{"line":25,"column":288}},"25":{"start":{"line":26,"column":0},"end":{"line":26,"column":222}},"26":{"start":{"line":27,"column":0},"end":{"line":27,"column":15}},"27":{"start":{"line":28,"column":0},"end":{"line":28,"column":13}},"28":{"start":{"line":29,"column":0},"end":{"line":29,"column":350}},"29":{"start":{"line":30,"column":0},"end":{"line":30,"column":377}},"30":{"start":{"line":31,"column":0},"end":{"line":31,"column":2}},"32":{"start":{"line":33,"column":0},"end":{"line":33,"column":68}},"33":{"start":{"line":34,"column":0},"end":{"line":34,"column":24}},"34":{"start":{"line":35,"column":0},"end":{"line":35,"column":40}},"35":{"start":{"line":36,"column":0},"end":{"line":36,"column":44}},"36":{"start":{"line":37,"column":0},"end":{"line":37,"column":3}},"37":{"start":{"line":38,"column":0},"end":{"line":38,"column":51}},"38":{"start":{"line":39,"column":0},"end":{"line":39,"column":1}},"40":{"start":{"line":41,"column":0},"end":{"line":41,"column":94}},"41":{"start":{"line":42,"column":0},"end":{"line":42,"column":46}},"42":{"start":{"line":43,"column":0},"end":{"line":43,"column":35}},"45":{"start":{"line":46,"column":0},"end":{"line":46,"column":58}},"46":{"start":{"line":47,"column":0},"end":{"line":47,"column":72}},"47":{"start":{"line":48,"column":0},"end":{"line":48,"column":3}},"49":{"start":{"line":50,"column":0},"end":{"line":50,"column":54}},"50":{"start":{"line":51,"column":0},"end":{"line":51,"column":59}},"51":{"start":{"line":52,"column":0},"end":{"line":52,"column":79}},"52":{"start":{"line":53,"column":0},"end":{"line":53,"column":5}},"53":{"start":{"line":54,"column":0},"end":{"line":54,"column":3}},"55":{"start":{"line":56,"column":0},"end":{"line":56,"column":52}},"56":{"start":{"line":57,"column":0},"end":{"line":57,"column":19}},"57":{"start":{"line":58,"column":0},"end":{"line":58,"column":1}}},"s":{"0":1,"9":1,"10":1,"11":1,"12":1,"13":1,"14":1,"15":1,"16":1,"17":1,"18":1,"19":1,"20":1,"21":1,"22":1,"23":1,"24":1,"25":1,"26":1,"27":1,"28":1,"29":1,"30":1,"32":1,"33":13,"34":13,"35":260,"36":260,"37":13,"38":13,"40":1,"41":5,"42":5,"45":5,"46":1,"47":1,"49":5,"50":10,"51":10,"52":10,"53":10,"55":4,"56":4,"57":4},"branchMap":{"0":{"type":"branch","line":33,"loc":{"start":{"line":33,"column":7},"end":{"line":39,"column":1}},"locations":[{"start":{"line":33,"column":7},"end":{"line":39,"column":1}}]},"1":{"type":"branch","line":35,"loc":{"start":{"line":35,"column":39},"end":{"line":37,"column":3}},"locations":[{"start":{"line":35,"column":39},"end":{"line":37,"column":3}}]},"2":{"type":"branch","line":36,"loc":{"start":{"line":36,"column":28},"end":{"line":36,"column":44}},"locations":[{"start":{"line":36,"column":28},"end":{"line":36,"column":44}}]},"3":{"type":"branch","line":38,"loc":{"start":{"line":38,"column":26},"end":{"line":38,"column":41}},"locations":[{"start":{"line":38,"column":26},"end":{"line":38,"column":41}}]},"4":{"type":"branch","line":38,"loc":{"start":{"line":38,"column":30},"end":{"line":38,"column":51}},"locations":[{"start":{"line":38,"column":30},"end":{"line":38,"column":51}}]},"5":{"type":"branch","line":41,"loc":{"start":{"line":41,"column":7},"end":{"line":58,"column":1}},"locations":[{"start":{"line":41,"column":7},"end":{"line":58,"column":1}}]},"6":{"type":"branch","line":42,"loc":{"start":{"line":42,"column":38},"end":{"line":42,"column":46}},"locations":[{"start":{"line":42,"column":38},"end":{"line":42,"column":46}}]},"7":{"type":"branch","line":46,"loc":{"start":{"line":46,"column":14},"end":{"line":46,"column":57}},"locations":[{"start":{"line":46,"column":14},"end":{"line":46,"column":57}}]},"8":{"type":"branch","line":46,"loc":{"start":{"line":46,"column":57},"end":{"line":48,"column":3}},"locations":[{"start":{"line":46,"column":57},"end":{"line":48,"column":3}}]},"9":{"type":"branch","line":48,"loc":{"start":{"line":48,"column":2},"end":{"line":50,"column":53}},"locations":[{"start":{"line":48,"column":2},"end":{"line":50,"column":53}}]},"10":{"type":"branch","line":50,"loc":{"start":{"line":50,"column":53},"end":{"line":54,"column":3}},"locations":[{"start":{"line":50,"column":53},"end":{"line":54,"column":3}}]},"11":{"type":"branch","line":54,"loc":{"start":{"line":54,"column":2},"end":{"line":58,"column":1}},"locations":[{"start":{"line":54,"column":2},"end":{"line":58,"column":1}}]},"12":{"type":"branch","line":56,"loc":{"start":{"line":56,"column":17},"end":{"line":56,"column":50}},"locations":[{"start":{"line":56,"column":17},"end":{"line":56,"column":50}}]}},"b":{"0":[13],"1":[260],"2":[18],"3":[7],"4":[6],"5":[5],"6":[1],"7":[1],"8":[1],"9":[4],"10":[10],"11":[4],"12":[9]},"fnMap":{"0":{"name":"detectContext","decl":{"start":{"line":33,"column":7},"end":{"line":39,"column":1}},"loc":{"start":{"line":33,"column":7},"end":{"line":39,"column":1}},"line":33},"1":{"name":"buildProviderChain","decl":{"start":{"line":41,"column":7},"end":{"line":58,"column":1}},"loc":{"start":{"line":41,"column":7},"end":{"line":58,"column":1}},"line":41}},"f":{"0":13,"1":5}}
,"/workspace/henyo-pi-web/shared/search/providers.ts": {"path":"/workspace/henyo-pi-web/shared/search/providers.ts","all":false,"statementMap":{"0":{"start":{"line":1,"column":0},"end":{"line":1,"column":82}},"11":{"start":{"line":12,"column":0},"end":{"line":12,"column":80}},"12":{"start":{"line":13,"column":0},"end":{"line":13,"column":21}},"13":{"start":{"line":14,"column":0},"end":{"line":14,"column":43}},"14":{"start":{"line":15,"column":0},"end":{"line":15,"column":38}},"15":{"start":{"line":16,"column":0},"end":{"line":16,"column":4}},"17":{"start":{"line":18,"column":0},"end":{"line":18,"column":43}},"19":{"start":{"line":20,"column":0},"end":{"line":20,"column":43}},"20":{"start":{"line":21,"column":0},"end":{"line":21,"column":46}},"22":{"start":{"line":23,"column":0},"end":{"line":23,"column":16}},"23":{"start":{"line":24,"column":0},"end":{"line":24,"column":30}},"24":{"start":{"line":25,"column":0},"end":{"line":25,"column":14}},"25":{"start":{"line":26,"column":0},"end":{"line":26,"column":44}},"26":{"start":{"line":27,"column":0},"end":{"line":27,"column":82}},"27":{"start":{"line":28,"column":0},"end":{"line":28,"column":54}},"28":{"start":{"line":29,"column":0},"end":{"line":29,"column":43}},"29":{"start":{"line":30,"column":0},"end":{"line":30,"column":6}},"30":{"start":{"line":31,"column":0},"end":{"line":31,"column":4}},"32":{"start":{"line":33,"column":0},"end":{"line":33,"column":33}},"33":{"start":{"line":34,"column":0},"end":{"line":34,"column":33}},"34":{"start":{"line":35,"column":0},"end":{"line":35,"column":54}},"35":{"start":{"line":36,"column":0},"end":{"line":36,"column":9}},"36":{"start":{"line":37,"column":0},"end":{"line":37,"column":41}},"37":{"start":{"line":38,"column":0},"end":{"line":38,"column":28}},"38":{"start":{"line":39,"column":0},"end":{"line":39,"column":30}},"39":{"start":{"line":40,"column":0},"end":{"line":40,"column":99}},"40":{"start":{"line":41,"column":0},"end":{"line":41,"column":20}},"41":{"start":{"line":42,"column":0},"end":{"line":42,"column":17}},"42":{"start":{"line":43,"column":0},"end":{"line":43,"column":7}},"43":{"start":{"line":44,"column":0},"end":{"line":44,"column":12}},"44":{"start":{"line":45,"column":0},"end":{"line":45,"column":13}},"45":{"start":{"line":46,"column":0},"end":{"line":46,"column":15}},"46":{"start":{"line":47,"column":0},"end":{"line":47,"column":5}},"47":{"start":{"line":48,"column":0},"end":{"line":48,"column":3}},"49":{"start":{"line":50,"column":0},"end":{"line":50,"column":23}},"51":{"start":{"line":52,"column":0},"end":{"line":52,"column":64}},"52":{"start":{"line":53,"column":0},"end":{"line":53,"column":28}},"53":{"start":{"line":54,"column":0},"end":{"line":54,"column":28}},"55":{"start":{"line":56,"column":0},"end":{"line":56,"column":45}},"57":{"start":{"line":58,"column":0},"end":{"line":58,"column":37}},"58":{"start":{"line":59,"column":0},"end":{"line":59,"column":96}},"59":{"start":{"line":60,"column":0},"end":{"line":60,"column":15}},"61":{"start":{"line":62,"column":0},"end":{"line":62,"column":59}},"62":{"start":{"line":63,"column":0},"end":{"line":63,"column":35}},"63":{"start":{"line":64,"column":0},"end":{"line":64,"column":102}},"64":{"start":{"line":65,"column":0},"end":{"line":65,"column":81}},"65":{"start":{"line":66,"column":0},"end":{"line":66,"column":61}},"67":{"start":{"line":68,"column":0},"end":{"line":68,"column":23}},"68":{"start":{"line":69,"column":0},"end":{"line":69,"column":22}},"69":{"start":{"line":70,"column":0},"end":{"line":70,"column":101}},"70":{"start":{"line":71,"column":0},"end":{"line":71,"column":43}},"71":{"start":{"line":72,"column":0},"end":{"line":72,"column":23}},"72":{"start":{"line":73,"column":0},"end":{"line":73,"column":62}},"73":{"start":{"line":74,"column":0},"end":{"line":74,"column":24}},"74":{"start":{"line":75,"column":0},"end":{"line":75,"column":94}},"75":{"start":{"line":76,"column":0},"end":{"line":76,"column":9}},"76":{"start":{"line":77,"column":0},"end":{"line":77,"column":7}},"77":{"start":{"line":78,"column":0},"end":{"line":78,"column":5}},"78":{"start":{"line":79,"column":0},"end":{"line":79,"column":21}},"79":{"start":{"line":80,"column":0},"end":{"line":80,"column":82}},"80":{"start":{"line":81,"column":0},"end":{"line":81,"column":53}},"81":{"start":{"line":82,"column":0},"end":{"line":82,"column":5}},"83":{"start":{"line":84,"column":0},"end":{"line":84,"column":91}},"84":{"start":{"line":85,"column":0},"end":{"line":85,"column":87}},"86":{"start":{"line":87,"column":0},"end":{"line":87,"column":29}},"87":{"start":{"line":88,"column":0},"end":{"line":88,"column":20}},"88":{"start":{"line":89,"column":0},"end":{"line":89,"column":35}},"89":{"start":{"line":90,"column":0},"end":{"line":90,"column":44}},"90":{"start":{"line":91,"column":0},"end":{"line":91,"column":16}},"91":{"start":{"line":92,"column":0},"end":{"line":92,"column":9}},"92":{"start":{"line":93,"column":0},"end":{"line":93,"column":5}},"93":{"start":{"line":94,"column":0},"end":{"line":94,"column":3}},"96":{"start":{"line":97,"column":0},"end":{"line":97,"column":77}},"97":{"start":{"line":98,"column":0},"end":{"line":98,"column":22}},"98":{"start":{"line":99,"column":0},"end":{"line":99,"column":87}},"99":{"start":{"line"
[...]
21,"column":0},"end":{"line":221,"column":46}},"221":{"start":{"line":222,"column":0},"end":{"line":222,"column":61}},"223":{"start":{"line":224,"column":0},"end":{"line":224,"column":27}},"225":{"start":{"line":226,"column":0},"end":{"line":226,"column":39}},"226":{"start":{"line":227,"column":0},"end":{"line":227,"column":45}},"227":{"start":{"line":228,"column":0},"end":{"line":228,"column":37}},"228":{"start":{"line":229,"column":0},"end":{"line":229,"column":154}},"229":{"start":{"line":230,"column":0},"end":{"line":230,"column":62}},"230":{"start":{"line":231,"column":0},"end":{"line":231,"column":8}},"231":{"start":{"line":232,"column":0},"end":{"line":232,"column":35}},"232":{"start":{"line":233,"column":0},"end":{"line":233,"column":45}},"233":{"start":{"line":234,"column":0},"end":{"line":234,"column":39}},"234":{"start":{"line":235,"column":0},"end":{"line":235,"column":43}},"235":{"start":{"line":236,"column":0},"end":{"line":236,"column":51}},"237":{"start":{"line":238,"column":0},"end":{"line":238,"column":20}},"238":{"start":{"line":239,"column":0},"end":{"line":239,"column":25}},"239":{"start":{"line":240,"column":0},"end":{"line":240,"column":21}},"240":{"start":{"line":241,"column":0},"end":{"line":241,"column":115}},"241":{"start":{"line":242,"column":0},"end":{"line":242,"column":28}},"242":{"start":{"line":243,"column":0},"end":{"line":243,"column":9}},"243":{"start":{"line":244,"column":0},"end":{"line":244,"column":5}},"245":{"start":{"line":246,"column":0},"end":{"line":246,"column":19}},"246":{"start":{"line":247,"column":0},"end":{"line":247,"column":11}},"247":{"start":{"line":248,"column":0},"end":{"line":248,"column":14}},"248":{"start":{"line":249,"column":0},"end":{"line":249,"column":3}},"249":{"start":{"line":250,"column":0},"end":{"line":250,"column":1}},"253":{"start":{"line":254,"column":0},"end":{"line":254,"column":74}},"254":{"start":{"line":255,"column":0},"end":{"line":255,"column":43}},"256":{"start":{"line":257,"column":0},"end":{"line":257,"column":7}},"257":{"start":{"line":258,"column":0},"end":{"line":258,"column":45}},"258":{"start":{"line":259,"column":0},"end":{"line":259,"column":48}},"260":{"start":{"line":261,"column":0},"end":{"line":261,"column":51}},"261":{"start":{"line":262,"column":0},"end":{"line":262,"column":21}},"262":{"start":{"line":263,"column":0},"end":{"line":263,"column":32}},"263":{"start":{"line":264,"column":0},"end":{"line":264,"column":16}},"264":{"start":{"line":265,"column":0},"end":{"line":265,"column":46}},"265":{"start":{"line":266,"column":0},"end":{"line":266,"column":37}},"266":{"start":{"line":267,"column":0},"end":{"line":267,"column":43}},"267":{"start":{"line":268,"column":0},"end":{"line":268,"column":8}},"268":{"start":{"line":269,"column":0},"end":{"line":269,"column":46}},"269":{"start":{"line":270,"column":0},"end":{"line":270,"column":7}},"271":{"start":{"line":272,"column":0},"end":{"line":272,"column":27}},"272":{"start":{"line":273,"column":0},"end":{"line":273,"column":34}},"274":{"start":{"line":275,"column":0},"end":{"line":275,"column":50}},"275":{"start":{"line":276,"column":0},"end":{"line":276,"column":35}},"276":{"start":{"line":277,"column":0},"end":{"line":277,"column":23}},"277":{"start":{"line":278,"column":0},"end":{"line":278,"column":83}},"278":{"start":{"line":279,"column":0},"end":{"line":279,"column":28}},"279":{"start":{"line":280,"column":0},"end":{"line":280,"column":8}},"280":{"start":{"line":281,"column":0},"end":{"line":281,"column":11}},"281":{"start":{"line":282,"column":0},"end":{"line":282,"column":14}},"282":{"start":{"line":283,"column":0},"end":{"line":283,"column":3}},"283":{"start":{"line":284,"column":0},"end":{"line":284,"column":1}},"287":{"start":{"line":288,"column":0},"end":{"line":288,"column":90}},"288":{"start":{"line":289,"column":0},"end":{"line":289,"column":22}},"290":{"start":{"line":291,"column":0},"end":{"line":291,"column":43}},"292":{"start":{"line":293,"column":0},"end":{"line":293,"column":7}},"293":{"start":{"line":294,"column":0},"end":{"line":294,"column":45}},"294":{"start":{"line":295,"column":0},"end":{"line":295,"column":48}},"296":{"start":{"line":297,"column":0},"end":{"line":297,"column":89}},"297":{"start":{"line":298,"column":0},"end":{"line":298,"column":32}},"298":{"start":{"line":299,"column":0},"end":{"line":299,"column":57}},"299":{"start":{"line":300,"column":0},"end":{"line":300,"column":7}},"301":{"start":{"line":302,"column":0},"end":{"line":302,"column":27}},"302":{"start":{"line":303,"column":0},"end":{"line":303,"column":34}},"304":{"start":{"line":305,"column":0},"end":{"line":305,"column":63}},"305":{"start":{"line":306,"column":0},"end":{"line":306,"column":35}},"306":{"start":{"line":307,"column":0},"end":{"line":307,"column":23}},"307":{"start":{"line":308,"column":0},"end":{"line":308,"column":51}},"308":{"start":{"line":309,"column":0},"end":{"line":309,"column":24}},"309":{"start":{"line":310,"column":0},"end":{"line":310,"column":8}},"310":{"start":{"line":311,"column":0},"end":{"line":311,"column":11}},"311":{"start":{"line":312,"column":0},"end":{"line":312,"column":14}},"312":{"start":{"line":313,"column":0},"end":{"line":313,"column":3}},"313":{"start":{"line":314,"column":0},"end":{"line":314,"column":1}},"317":{"start":{"line":318,"column":0},"end":{"line":318,"column":90}},"318":{"start":{"line":319,"column":0},"end":{"line":319,"column":31}},"319":{"start":{"line":320,"column":0},"end":{"line":320,"column":37}},"320":{"start":{"line":321,"column":0},"end":{"line":321,"column":17}},"321":{"start":{"line":322,"column":0},"end":{"line":322,"column":23}},"322":{"start":{"line":323,"column":0},"end":{"line":323,"column":29}},"323":{"start":{"line":324,"column":0},"end":{"line":324,"column":19}},"324":{"start":{"line":325,"column":0},"end":{"line":325,"column":25}},"325":{"start":{"line":326,"column":0},"end":{"line":326,"column":2}}},"s":{"0":1,"11":1,"12":1,"13":1,"14":1,"15":1,"17":1,"19":1,"20":1,"22":1,"23":1,"24":1,"25":1,"26":1,"27":1,"28":1,"29":1,"30":1,"32":1,"33":1,"34":1,"35":1,"36":1,"37":1,"38":1,"39":1,"40":0,"41":0,"42":0,"43":1,"44":1,"45":0,"46":0,"47":1,"49":1,"51":1,"52":1,"53":1,"55":1,"57":1,"58":1,"59":1,"61":1,"62":10,"63":10,"64":10,"65":10,"67":10,"68":10,"69":10,"70":10,"71":10,"72":0,"73":0,"74":0,"75":0,"76":0,"77":10,"78":10,"79":0,"80":0,"81":0,"83":10,"84":10,"86":10,"87":10,"88":10,"89":10,"90":10,"91":10,"92":10,"93":10,"96":1,"97":1,"98":0,"99":0,"100":0,"101":0,"102":0,"103":0,"104":0,"105":0,"106":0,"108":1,"109":1,"113":1,"114":1,"116":1,"117":1,"119":1,"120":1,"121":1,"122":1,"123":1,"124":1,"125":1,"126":1,"128":1,"129":0,"131":0,"132":0,"133":0,"135":0,"136":0,"137":0,"138":0,"139":0,"140":0,"141":0,"143":0,"144":0,"146":0,"147":0,"148":0,"149":0,"150":0,"151":0,"152":0,"153":0,"155":0,"156":0,"160":2,"161":2,"163":2,"164":2,"165":2,"166":2,"168":2,"169":2,"171":2,"172":20,"173":20,"174":20,"175":20,"176":20,"177":20,"178":20,"179":2,"180":2,"181":0,"182":0,"183":2,"187":1,"188":1,"190":1,"191":1,"192":1,"193":1,"195":1,"196":1,"198":1,"199":10,"200":10,"201":10,"202":10,"203":1,"204":1,"205":0,"206":0,"207":1,"211":1,"212":1,"214":1,"215":1,"216":1,"217":1,"218":1,"219":1,"220":1,"221":1,"223":1,"225":1,"226":1,"227":10,"228":10,"229":10,"230":10,"231":10,"232":10,"233":10,"234":10,"235":10,"237":10,"238":10,"239":10,"240":10,"241":10,"242":10,"243":10,"245":1,"246":1,"247":0,"248":0,"249":1,"253":1,"254":1,"256":1,"257":1,"258":1,"260":1,"261":1,"262":1,"263":1,"264":1,"265":1,"266":1,"267":1,"268":1,"269":1,"271":1,"272":1,"274":1,"275":0,"276":0,"277":0,"278":0,"279":1,"280":1,"281":0,"282":0,"283":1,"287":2,"288":2,"290":1,"292":1,"293":1,"294":1,"296":1,"297":1,"298":1,"299":1,"301":0,"302":0,"304":2,"305":0,"306":0,"307":0,"308":0,"309":2,"310":2,"311":1,"312":1,"313":2,"317":1,"318":1,"319":1,"320":1,"321":1,"322":1,"323":1,"324":1,"325":1},"branchMap":{"0":{"type":"branch","line":12,"loc":{"start":{"line":12,"column":0},"end":{"line":110,"column":1}},"locations":[{"start":{"line":12,"column":0},"end":{"line":110,"column":1}}]},"1":{"type":"branch","line":38,"loc":{"start":{"line":38,"column":19},"end":{"line":38,"column":28}},"locations":[{"start":{"line":38,"column":19},"end":{"line":38,"column":28}}]},"2":{"type":"branch","line":40,"loc":{"start":{"line":40,"column":98},"end":{"line":43,"column":7}},"locations":[{"start":{"line":40,"column":98},"end":{"line":43,"column":7}}]},"3":{"type":"branch","line":45,"loc":{"start":{"line":45,"column":4},"end":{"line":47,"column":5}},"locations":[{"start":{"line":45,"column":4},"end":{"line":47,"column":5}}]},"4":{"type":"branch","line":50,"loc":{"start":{"line":50,"column":13},"end":{"line":50,"column":23}},"locations":[{"start":{"line":50,"column":13},"end":{"line":50,"column":23}}]},"5":{"type":"branch","line":53,"loc":{"start":{"line":53,"column":18},"end":{"line":53,"column":28}},"locations":[{"start":{"line":53,"column":18},"end":{"line":53,"column":28}}]},"6":{"type":"branch","line":56,"loc":{"start":{"line":56,"column":35},"end":{"line":56,"column":45}},"locations":[{"start":{"line":56,"column":35},"end":{"line":56,"column":45}}]},"7":{"type":"branch","line":62,"loc":{"start":{"line":62,"column":58},"end":{"line":94,"column":3}},"locations":[{"start":{"line":62,"column":58},"end":{"line":94,"column":3}}]},"8":{"type":"branch","line":65,"loc":{"start":{"line":65,"column":74},"end":{"line":65,"column":81}},"locations":[{"start":{"line":65,"column":74},"end":{"line":65,"column":81}}]},"9":{"type":"branch","line":66,"loc":{"start":{"line":66,"column":54},"end":{"line":66,"column":61}},"locations":[{"start":{"line":66,"column":54},"end":{"line":66,"column":61}}]},"10":{"type":"branch","line":70,"loc":{"start":{"line":70,"column":93},"end":{"line":70,"column":99}},"locations":[{"start":{"line":70,"column":93},"end":{"line":70,"column":99}}]},"11":{"type":"branch","line":71,"loc":{"start":{"line":71,"column":35},"end":{"line":71,"column":43}},"locations":[{"start":{"line":71,"column":35},"end":{"line":71,"column":43}}]},"12":{"type":"branch","line":72,"loc":{"start":{"line":72,"column":22},"end":{"line":77,"column":7}},"locations":[{"start":{"line":72,"column":22},"end":{"line":77,"column":7}}]},"13":{"type":"branch","line":79,"loc":{"start":{"line":79,"column":20},"end":{"line":82,"column":5}},"locations":[{"start":{"line":79,"column":20},"end":{"line":82,"column":5}}]},"14":{"type":"branch","line":85,"loc":{"start":{"line":85,"column":80},"end":{"line":85,"column":87}},"locations":[{"start":{"line":85,"column":80},"end":{"line":85,"column":87}}]},"15":{"type":"branch","line":87,"loc":{"start":{"line":87,"column":8},"end":{"line":87,"column":28}},"locations":[{"start":{"line":87,"column":8},"end":{"line":87,"column":28}}]},"16":{"type":"branch","line":89,"loc":{"start":{"line":89,"column":15},"end":{"line":89,"column":35}},"locations":[{"start":{"line":89,"column":15},"end":{"line":89,"column":35}}]},"17":{"type":"branch","line":90,"loc":{"start":{"line":90,"column":13},"end":{"line":90,"column":41}},"locations":[{"start":{"line":90,"column":13},"end":{"line":90,"column":41}}]},"18":{"type":"branch","line":90,"loc":{"start":{"line":90,"column":26},"end":{"line":90,"column":44}},"locations":[{"start":{"line":90,"column":26},"end":{"line":90,"column":44}}]},"19":{"type":"branch","line":98,"loc":{"start":{"line":98,"column":21},"end":{"line":107,"column":3}},"locations":[{"start":{"line":98,"column":21},"end":{"line":107,"column":3}}]},"20":{"type":"branch","line":21,"loc":{"start":{"line":21,"column":13},"end":{"line":21,"column":39}},"locations":[{"start":{"line":21,"column":13},"end":{"line":21,"column":39}}]},"21":{"type":"branch","line":114,"loc":{"start":{"line":114,"column":0},"end":{"line":157,"column":1}},"locations":[{"start":{"line":114,"column":0},"end":{"line":157,"column":1}}]},"22":{"type":"branch","line":129,"loc":{"start":{"line":129,"column":23},"end":{"line":157,"column":1}},"locations":[{"start":{"line":129,"column":23},"end":{"line":157,"column":1}}]},"23":{"type":"branch","line":118,"loc":{"start":{"line":118,"column":13},"end":{"line":118,"column":39}},"locations":[{"start":{"line":118,"column":13},"end":{"line":118,"column":39}}]},"24":{"type":"branch","line":161,"loc":{"start":{"line":161,"column":0},"end":{"line":184,"column":1}},"locations":[{"start":{"line":161,"column":0},"end":{"line":184,"column":1}}]},"25":{"type":"branch","line":169,"loc":{"start":{"line":169,"column":17},"end":{"line":169,"column":27}},"locations":[{"start":{"line":169,"column":17},"end":{"line":169,"column":27}}]},"26":{"type":"branch","line":172,"loc":{"start":{"line":172,"column":17},"end":{"line":172,"column":32}},"locations":[{"start":{"line":172,"column":17},"end":{"line":172,"column":32}}]},"27":{"type":"branch","line":181,"loc":{"start":{"line":181,"column":2},"end":{"line":183,"column":3}},"locations":[{"start":{"line":181,"column":2},"end":{"line":183,"column":3}}]},"28":{"type":"branch","line":172,"loc":{"start":{"line":172,"column":36},"end":{"line":180,"column":5}},"locations":[{"start":{"line":172,"column":36},"end":{"line":180,"column":5}}]},"29":{"type":"branch","line":177,"loc":{"start":{"line":177,"column":21},"end":{"line":177,"column":39}},"locations":[{"start":{"line":177,"column":21},"end":{"line":177,"column":39}}]},"30":{"type":"branch","line":188,"loc":{"start":{"line":188,"column":0},"end":{"line":208,"column":1}},"locations":[{"start":{"line":188,"column":0},"end":{"line":208,"column":1}}]},"31":{"type":"branch","line":196,"loc":{"start":{"line":196,"column":17},"end":{"line":196,"column":27}},"locations":[{"start":{"line":196,"column":17},"end":{"line":196,"column":27}}]},"32":{"type":"branch","line":199,"loc":{"start":{"line":199,"column":17},"end":{"line":199,"column":30}},"locations":[{"start":{"line":199,"column":17},"end":{"line":199,"column":30}}]},"33":{"type":"branch","line":205,"loc":{"start":{"line":205,"column":2},"end":{"line":207,"column":3}},"locations":[{"start":{"line":205,"column":2},"end":{"line":207,"column":3}}]},"34":{"type":"branch","line":199,"loc":{"start":{"line":199,"column":34},"end":{"line":204,"column":6}},"locations":[{"start":{"line":199,"column":34},"end":{"line":204,"column":6}}]},"35":{"type":"branch","line":200,"loc":{"start":{"line":200,"column":55},"end":{"line":200,"column":76}},"locations":[{"start":{"line":200,"column":55},"end":{"line":200,"column":76}}]},"36":{"type":"branch","line":202,"loc":{"start":{"line":202,"column":20},"end":{"line":202,"column":52}},"locations":[{"start":{"line":202,"column":20},"end":{"line":202,"column":52}}]},"37":{"type":"branch","line":212,"loc":{"start":{"line":212,"column":0},"end":{"line":250,"column":1}},"locations":[{"start":{"line":212,"column":0},"end":{"line":250,"column":1}}]},"38":{"type":"branch","line":220,"loc":{"start":{"line":220,"column":23},"end":{"line":220,"column":33}},"locations":[{"start":{"line":220,"column":23},"end":{"line":220,"column":33}}]},"39":{"type":"branch","line":224,"loc":{"start":{"line":224,"column":17},"end":{"line":224,"column":27}},"locations":[{"start":{"line":224,"column":17},"end":{"line":224,"column":27}}]},"40":{"type":"branch","line":227,"loc":{"start":{"line":227,"column":44},"end":{"line":244,"column":5}},"locations":[{"start":{"line":227,"column":44},"end":{"line":244,"column":5}}]},"41":{"type":"branch","line":232,"loc":{"start":{"line":232,"column":26},"end":{"line":232,"column":35}},"locations":[{"start":{"line":232,"column":26},"end":{"line":232,"column":35}}]},"42":{"type":"branch","line":236,"loc":{"start":{"line":236,"column":37},"end":{"line":236,"column":51}},"locations":[{"start":{"line":236,"column":37},"end":{"line":236,"column":51}}]},"43":{"type":"branch","line":241,"loc":{"start":{"line":241,"column":17},"end":{"line":241,"column":93}},"locations":[{"start":{"line":241,"column":17},"end":{"line":241,"column":93}}]},"44":{"type":"branch","line":241,"loc":{"start":{"line":241,"column":73},"end":{"line":241,"column":87}},"locations":[{"start":{"line":241,"column":73},"end":{"line":241,"column":87}}]},"45":{"type":"branch","line":241,"loc":{"start":{"line":241,"column":79},"end":{"line":241,"column":93}},"locations":[{"start":{"line":241,"column":79},"end":{"line":241,"column":93}}]},"46":{"type":"branch","line":241,"loc":{"start":{"line":241,"column":87},"end":{"line":241,"column":115}},"locations":[{"start":{"line":241,"column":87},"end":{"line":241,"column":115}}]},"47":{"type":"branch","line":241,"loc":{"start":{"line":241,"column":107},"end":{"line":241,"column":115}},"locations":[{"start":{"line":241,"column":107},"end":{"line":241,"column":115}}]},"48":{"type":"branch","line":247,"loc":{"start":{"line":247,"column":2},"end":{"line":249,"column":3}},"locations":[{"start":{"line":247,"column":2},"end":{"line":249,"column":3}}]},"49":{"type":"branch","line":254,"loc":{"start":{"line":254,"column":0},"end":{"line":284,"column":1}},"locations":[{"start":{"line":254,"column":0},"end":{"line":284,"column":1}}]},"50":{"type":"branch","line":272,"loc":{"start":{"line":272,"column":17},"end":{"line":272,"column":27}},"locations":[{"start":{"line":272,"column":17},"end":{"line":272,"column":27}}]},"51":{"type":"branch","line":281,"loc":{"start":{"line":281,"column":2},"end":{"line":283,"column":3}},"locations":[{"start":{"line":281,"column":2},"end":{"line":283,"column":3}}]},"52":{"type":"branch","line":288,"loc":{"start":{"line":288,"column":0},"end":{"line":314,"column":1}},"locations":[{"start":{"line":288,"column":0},"end":{"line":314,"column":1}}]},"53":{"type":"branch","line":289,"loc":{"start":{"line":289,"column":12},"end":{"line":300,"column":7}},"locations":[{"start":{"line":289,"column":12},"end":{"line":300,"column":7}}]},"54":{"type":"branch","line":300,"loc":{"start":{"line":300,"column":5},"end":{"line":305,"column":32}},"locations":[{"start":{"line":300,"column":5},"end":{"line":305,"column":32}}]},"55":{"type":"branch","line":311,"loc":{"start":{"line":311,"column":2},"end":{"line":313,"column":3}},"locations":[{"start":{"line":311,"column":2},"end":{"line":313,"column":3}}]}},"b":{"0":[1],"1":[0],"2":[0],"3":[0],"4":[0],"5":[0],"6":[0],"7":[10],"8":[0],"9":[0],"10":[0],"11":[0],"12":[0],"13":[0],"14":[0],"15":[0],"16":[0],"17":[0],"18":[0],"19":[0],"20":[1],"21":[1],"22":[0],"23":[1],"24":[2],"25":[0],"26":[0],"27":[0],"28":[20],"29":[0],"30":[1],"31":[0],"32":[0],"33":[0],"34":[10],"35":[0],"36":[0],"37":[1],"38":[0],"39":[0],"40":[10],"41":[0],"42":[3],"43":[7],"44":[6],"45":[1],"46":[3],"47":[0],"48":[0],"49":[1],"50":[0],"51":[0],"52":[2],"53":[1],"54":[0],"55":[1]},"fnMap":{"0":{"name":"searchDuckDuckGo","decl":{"start":{"line":12,"column":0},"end":{"line":110,"column":1}},"loc":{"start":{"line":12,"column":0},"end":{"line":110,"column":1}},"line":12},"1":{"name":"searchStackOverflow","decl":{"start":{"line":114,"column":0},"end":{"line":157,"column":1}},"loc":{"start":{"line":114,"column":0},"end":{"line":157,"column":1}},"line":114},"2":{"name":"searchNpm","decl":{"start":{"line":161,"column":0},"end":{"line":184,"column":1}},"loc":{"start":{"line":161,"column":0},"end":{"line":184,"column":1}},"line":161},"3":{"name":"searchGitHub","decl":{"start":{"line":188,"column":0},"end":{"line":208,"column":1}},"loc":{"start":{"line":188,"column":0},"end":{"line":208,"column":1}},"line":188},"4":{"name":"searchWikipedia","decl":{"start":{"line":212,"column":0},"end":{"line":250,"column":1}},"loc":{"start":{"line":212,"column":0},"end":{"line":250,"column":1}},"line":212},"5":{"name":"searchJina","decl":{"start":{"line":254,"column":0},"end":{"line":284,"column":1}},"loc":{"start":{"line":254,"column":0},"end":{"line":284,"column":1}},"line":254},"6":{"name":"searchSearXNG","decl":{"start":{"line":288,"column":0},"end":{"line":314,"column":1}},"loc":{"start":{"line":288,"column":0},"end":{"line":314,"column":1}},"line":288}},"f":{"0":1,"1":1,"2":2,"3":1,"4":1,"5":1,"6":2}}
}
